Connecting to database specified by database.yml


Started GET "/assets/rails.png" for 127.0.0.1 at 2012-10-14 16:43:11 +0200
Connecting to database specified by database.yml
Served asset /rails.png - 200 OK (8ms)


Started GET "/say/hello" for 127.0.0.1 at 2012-10-14 16:47:20 +0200
Processing by SayController#hello as HTML
  Rendered say/hello.html.erb within layouts/application (6.1ms)
Compiled say.css  (86ms)  (pid 12449)
Compiled application.css  (97ms)  (pid 12449)
Compiled jquery.js  (4ms)  (pid 12449)
Compiled jquery_ujs.js  (0ms)  (pid 12449)
Compiled say.js  (462ms)  (pid 12449)
Compiled application.js  (552ms)  (pid 12449)
Completed 200 OK in 867ms (Views: 866.1ms | ActiveRecord: 0.0ms)


Started GET "/assets/application.css?body=1" for 127.0.0.1 at 2012-10-14 16:47:21 +0200
Served asset /application.css - 200 OK (4ms)


Started GET "/assets/say.css?body=1" for 127.0.0.1 at 2012-10-14 16:47:21 +0200
Served asset /say.css - 200 OK (4ms)


Started GET "/assets/jquery.js?body=1" for 127.0.0.1 at 2012-10-14 16:47:21 +0200
Served asset /jquery.js - 200 OK (7ms)


Started GET "/assets/jquery_ujs.js?body=1" for 127.0.0.1 at 2012-10-14 16:47:21 +0200
Served asset /jquery_ujs.js - 200 OK (3ms)


Started GET "/assets/application.js?body=1" for 127.0.0.1 at 2012-10-14 16:47:21 +0200
Served asset /application.js - 200 OK (9ms)


Started GET "/assets/say.js?body=1" for 127.0.0.1 at 2012-10-14 16:47:21 +0200
Served asset /say.js - 200 OK (2ms)


Started GET "/say/hello" for 127.0.0.1 at 2012-10-14 17:15:33 +0200
Processing by SayController#hello as HTML
  Rendered say/hello.html.erb within layouts/application (1.0ms)
Completed 200 OK in 15ms (Views: 13.6ms | ActiveRecord: 0.0ms)


Started GET "/assets/application.css?body=1" for 127.0.0.1 at 2012-10-14 17:15:33 +0200
Served asset /application.css - 304 Not Modified (0ms)


Started GET "/assets/say.css?body=1" for 127.0.0.1 at 2012-10-14 17:15:33 +0200
Served asset /say.css - 304 Not Modified (0ms)


Started GET "/assets/jquery_ujs.js?body=1" for 127.0.0.1 at 2012-10-14 17:15:33 +0200
Served asset /jquery_ujs.js - 304 Not Modified (0ms)


Started GET "/assets/jquery.js?body=1" for 127.0.0.1 at 2012-10-14 17:15:33 +0200
Served asset /jquery.js - 304 Not Modified (1ms)


Started GET "/assets/application.js?body=1" for 127.0.0.1 at 2012-10-14 17:15:33 +0200
Served asset /application.js - 304 Not Modified (3ms)


Started GET "/assets/say.js?body=1" for 127.0.0.1 at 2012-10-14 17:15:33 +0200
Served asset /say.js - 304 Not Modified (0ms)


Started GET "/say/hello" for 127.0.0.1 at 2012-10-14 17:15:44 +0200
Processing by SayController#hello as HTML
  Rendered say/hello.html.erb within layouts/application (0.1ms)
Completed 200 OK in 8ms (Views: 6.6ms | ActiveRecord: 0.0ms)


Started GET "/assets/application.css?body=1" for 127.0.0.1 at 2012-10-14 17:15:44 +0200
Served asset /application.css - 304 Not Modified (5ms)


Started GET "/assets/say.css?body=1" for 127.0.0.1 at 2012-10-14 17:15:44 +0200
Served asset /say.css - 304 Not Modified (0ms)


Started GET "/assets/jquery_ujs.js?body=1" for 127.0.0.1 at 2012-10-14 17:15:44 +0200
Served asset /jquery_ujs.js - 304 Not Modified (0ms)


Started GET "/assets/jquery.js?body=1" for 127.0.0.1 at 2012-10-14 17:15:44 +0200
Served asset /jquery.js - 304 Not Modified (1ms)


Started GET "/assets/say.js?body=1" for 127.0.0.1 at 2012-10-14 17:15:44 +0200
Served asset /say.js - 304 Not Modified (0ms)


Started GET "/assets/application.js?body=1" for 127.0.0.1 at 2012-10-14 17:15:44 +0200
Served asset /application.js - 304 Not Modified (2ms)


Started GET "/say/hello" for 127.0.0.1 at 2012-10-14 17:17:53 +0200
Processing by SayController#hello as HTML
  Rendered say/hello.html.erb within layouts/application (1.7ms)
Completed 200 OK in 16ms (Views: 15.2ms | ActiveRecord: 0.0ms)


Started GET "/assets/application.css?body=1" for 127.0.0.1 at 2012-10-14 17:17:53 +0200
Served asset /application.css - 304 Not Modified (1ms)


Started GET "/assets/jquery.js?body=1" for 127.0.0.1 at 2012-10-14 17:17:53 +0200
Served asset /jquery.js - 304 Not Modified (1ms)


Started GET "/assets/jquery_ujs.js?body=1" for 127.0.0.1 at 2012-10-14 17:17:53 +0200
Served asset /jquery_ujs.js - 304 Not Modified (0ms)


Started GET "/assets/say.css?body=1" for 127.0.0.1 at 2012-10-14 17:17:53 +0200
Served asset /say.css - 304 Not Modified (0ms)


Started GET "/assets/application.js?body=1" for 127.0.0.1 at 2012-10-14 17:17:53 +0200
Served asset /application.js - 304 Not Modified (2ms)


Started GET "/assets/say.js?body=1" for 127.0.0.1 at 2012-10-14 17:17:53 +0200
Served asset /say.js - 304 Not Modified (0ms)


Started GET "/say/goodbye" for 127.0.0.1 at 2012-10-14 17:17:55 +0200
Processing by SayController#goodbye as HTML
  Rendered say/goodbye.html.erb within layouts/application (0.5ms)
Completed 200 OK in 8ms (Views: 7.6ms | ActiveRecord: 0.0ms)


Started GET "/assets/application.css?body=1" for 127.0.0.1 at 2012-10-14 17:17:55 +0200
Served asset /application.css - 304 Not Modified (0ms)


Started GET "/assets/say.css?body=1" for 127.0.0.1 at 2012-10-14 17:17:55 +0200
Served asset /say.css - 304 Not Modified (7ms)


Started GET "/assets/jquery.js?body=1" for 127.0.0.1 at 2012-10-14 17:17:55 +0200
Served asset /jquery.js - 304 Not Modified (1ms)


Started GET "/assets/say.js?body=1" for 127.0.0.1 at 2012-10-14 17:17:55 +0200
Served asset /say.js - 304 Not Modified (0ms)


Started GET "/assets/jquery_ujs.js?body=1" for 127.0.0.1 at 2012-10-14 17:17:55 +0200
Served asset /jquery_ujs.js - 304 Not Modified (0ms)


Started GET "/assets/application.js?body=1" for 127.0.0.1 at 2012-10-14 17:17:55 +0200
Served asset /application.js - 304 Not Modified (2ms)


Started GET "/say/hello" for 127.0.0.1 at 2012-10-14 17:19:11 +0200
Processing by SayController#hello as HTML
  Rendered say/hello.html.erb within layouts/application (1.2ms)
Completed 200 OK in 8ms (Views: 7.8ms | ActiveRecord: 0.0ms)


Started GET "/assets/application.css?body=1" for 127.0.0.1 at 2012-10-14 17:19:11 +0200
Served asset /application.css - 304 Not Modified (0ms)


Started GET "/assets/application.js?body=1" for 127.0.0.1 at 2012-10-14 17:19:11 +0200
Served asset /application.js - 304 Not Modified (13ms)


Started GET "/assets/say.js?body=1" for 127.0.0.1 at 2012-10-14 17:19:11 +0200
Served asset /say.js - 304 Not Modified (0ms)


Started GET "/assets/jquery_ujs.js?body=1" for 127.0.0.1 at 2012-10-14 17:19:11 +0200
Served asset /jquery_ujs.js - 304 Not Modified (0ms)


Started GET "/assets/jquery.js?body=1" for 127.0.0.1 at 2012-10-14 17:19:11 +0200
Served asset /jquery.js - 304 Not Modified (2ms)


Started GET "/assets/say.css?body=1" for 127.0.0.1 at 2012-10-14 17:19:11 +0200
Served asset /say.css - 304 Not Modified (0ms)


Started GET "/say/hello" for 127.0.0.1 at 2012-10-14 17:22:06 +0200
Processing by SayController#hello as HTML
  Rendered say/hello.html.erb within layouts/application (1.4ms)
Completed 200 OK in 9ms (Views: 8.1ms | ActiveRecord: 0.0ms)


Started GET "/assets/application.css?body=1" for 127.0.0.1 at 2012-10-14 17:22:06 +0200
Served asset /application.css - 304 Not Modified (0ms)


Started GET "/assets/say.css?body=1" for 127.0.0.1 at 2012-10-14 17:22:06 +0200
Served asset /say.css - 304 Not Modified (4ms)


Started GET "/assets/jquery.js?body=1" for 127.0.0.1 at 2012-10-14 17:22:06 +0200
Served asset /jquery.js - 304 Not Modified (1ms)


Started GET "/assets/application.js?body=1" for 127.0.0.1 at 2012-10-14 17:22:06 +0200
Served asset /application.js - 304 Not Modified (2ms)


Started GET "/assets/jquery_ujs.js?body=1" for 127.0.0.1 at 2012-10-14 17:22:06 +0200
Served asset /jquery_ujs.js - 304 Not Modified (0ms)


Started GET "/assets/say.js?body=1" for 127.0.0.1 at 2012-10-14 17:22:06 +0200
Served asset /say.js - 304 Not Modified (0ms)


Started GET "/assets/rails.png" for 127.0.0.1 at 2012-10-21 10:45:34 +0200
Connecting to database specified by database.yml
Served asset /rails.png - 200 OK (46ms)
Connecting to database specified by database.yml
Connecting to database specified by database.yml
  [1m[36m (0.2ms)[0m  [1mselect sqlite_version(*)[0m
  [1m[35m (193.4ms)[0m  CREATE TABLE "schema_migrations" ("version" varchar(255) NOT NULL) 
  [1m[36m (0.1ms)[0m  [1mPRAGMA index_list("schema_migrations")[0m
  [1m[35m (189.9ms)[0m  CREATE UNIQUE INDEX "unique_schema_migrations" ON "schema_migrations" ("version")
  [1m[36m (0.1ms)[0m  [1mSELECT "schema_migrations"."version" FROM "schema_migrations" [0m
Migrating to CreateProducts (20121021085632)
  [1m[35m (0.2ms)[0m  begin transaction
  [1m[36m (0.7ms)[0m  [1mCREATE TABLE "products" ("id" INTEGER PRIMARY KEY AUTOINCREMENT NOT NULL, "title" varchar(255), "description" text, "image_url" varchar(255), "price" decimal, "created_at" datetime NOT NULL, "updated_at" datetime NOT NULL) [0m
  [1m[35m (0.2ms)[0m  INSERT INTO "schema_migrations" ("version") VALUES ('20121021085632')
  [1m[36m (220.6ms)[0m  [1mcommit transaction[0m
  [1m[35m (0.4ms)[0m  select sqlite_version(*)
  [1m[36m (0.1ms)[0m  [1mSELECT "schema_migrations"."version" FROM "schema_migrations" [0m
  [1m[35m (0.0ms)[0m  PRAGMA index_list("products")


Started GET "/product" for 127.0.0.1 at 2012-10-21 11:01:04 +0200

ActionController::RoutingError (No route matches [GET] "/product"):
  actionpack (3.2.8) lib/action_dispatch/middleware/debug_exceptions.rb:21:in `call'
  actionpack (3.2.8) lib/action_dispatch/middleware/show_exceptions.rb:56:in `call'
  railties (3.2.8) lib/rails/rack/logger.rb:26:in `call_app'
  railties (3.2.8) lib/rails/rack/logger.rb:16:in `call'
  actionpack (3.2.8) lib/action_dispatch/middleware/request_id.rb:22:in `call'
  rack (1.4.1) lib/rack/methodoverride.rb:21:in `call'
  rack (1.4.1) lib/rack/runtime.rb:17:in `call'
  activesupport (3.2.8) lib/active_support/cache/strategy/local_cache.rb:72:in `call'
  rack (1.4.1) lib/rack/lock.rb:15:in `call'
  actionpack (3.2.8) lib/action_dispatch/middleware/static.rb:62:in `call'
  railties (3.2.8) lib/rails/engine.rb:479:in `call'
  railties (3.2.8) lib/rails/application.rb:223:in `call'
  rack (1.4.1) lib/rack/content_length.rb:14:in `call'
  railties (3.2.8) lib/rails/rack/log_tailer.rb:17:in `call'
  rack (1.4.1) lib/rack/handler/webrick.rb:59:in `service'
  /usr/lib/ruby/1.9.1/webrick/httpserver.rb:138:in `service'
  /usr/lib/ruby/1.9.1/webrick/httpserver.rb:94:in `run'
  /usr/lib/ruby/1.9.1/webrick/server.rb:191:in `block in start_thread'


  Rendered /var/lib/gems/1.9.1/gems/actionpack-3.2.8/lib/action_dispatch/middleware/templates/rescues/routing_error.erb within rescues/layout (4.7ms)


Started GET "/productsf" for 127.0.0.1 at 2012-10-21 11:01:10 +0200

ActionController::RoutingError (No route matches [GET] "/productsf"):
  actionpack (3.2.8) lib/action_dispatch/middleware/debug_exceptions.rb:21:in `call'
  actionpack (3.2.8) lib/action_dispatch/middleware/show_exceptions.rb:56:in `call'
  railties (3.2.8) lib/rails/rack/logger.rb:26:in `call_app'
  railties (3.2.8) lib/rails/rack/logger.rb:16:in `call'
  actionpack (3.2.8) lib/action_dispatch/middleware/request_id.rb:22:in `call'
  rack (1.4.1) lib/rack/methodoverride.rb:21:in `call'
  rack (1.4.1) lib/rack/runtime.rb:17:in `call'
  activesupport (3.2.8) lib/active_support/cache/strategy/local_cache.rb:72:in `call'
  rack (1.4.1) lib/rack/lock.rb:15:in `call'
  actionpack (3.2.8) lib/action_dispatch/middleware/static.rb:62:in `call'
  railties (3.2.8) lib/rails/engine.rb:479:in `call'
  railties (3.2.8) lib/rails/application.rb:223:in `call'
  rack (1.4.1) lib/rack/content_length.rb:14:in `call'
  railties (3.2.8) lib/rails/rack/log_tailer.rb:17:in `call'
  rack (1.4.1) lib/rack/handler/webrick.rb:59:in `service'
  /usr/lib/ruby/1.9.1/webrick/httpserver.rb:138:in `service'
  /usr/lib/ruby/1.9.1/webrick/httpserver.rb:94:in `run'
  /usr/lib/ruby/1.9.1/webrick/server.rb:191:in `block in start_thread'


  Rendered /var/lib/gems/1.9.1/gems/actionpack-3.2.8/lib/action_dispatch/middleware/templates/rescues/routing_error.erb within rescues/layout (0.9ms)


Started GET "/productsf" for 127.0.0.1 at 2012-10-21 11:05:26 +0200

ActionController::RoutingError (No route matches [GET] "/productsf"):
  actionpack (3.2.8) lib/action_dispatch/middleware/debug_exceptions.rb:21:in `call'
  actionpack (3.2.8) lib/action_dispatch/middleware/show_exceptions.rb:56:in `call'
  railties (3.2.8) lib/rails/rack/logger.rb:26:in `call_app'
  railties (3.2.8) lib/rails/rack/logger.rb:16:in `call'
  actionpack (3.2.8) lib/action_dispatch/middleware/request_id.rb:22:in `call'
  rack (1.4.1) lib/rack/methodoverride.rb:21:in `call'
  rack (1.4.1) lib/rack/runtime.rb:17:in `call'
  activesupport (3.2.8) lib/active_support/cache/strategy/local_cache.rb:72:in `call'
  rack (1.4.1) lib/rack/lock.rb:15:in `call'
  actionpack (3.2.8) lib/action_dispatch/middleware/static.rb:62:in `call'
  railties (3.2.8) lib/rails/engine.rb:479:in `call'
  railties (3.2.8) lib/rails/application.rb:223:in `call'
  rack (1.4.1) lib/rack/content_length.rb:14:in `call'
  railties (3.2.8) lib/rails/rack/log_tailer.rb:17:in `call'
  rack (1.4.1) lib/rack/handler/webrick.rb:59:in `service'
  /usr/lib/ruby/1.9.1/webrick/httpserver.rb:138:in `service'
  /usr/lib/ruby/1.9.1/webrick/httpserver.rb:94:in `run'
  /usr/lib/ruby/1.9.1/webrick/server.rb:191:in `block in start_thread'


  Rendered /var/lib/gems/1.9.1/gems/actionpack-3.2.8/lib/action_dispatch/middleware/templates/rescues/routing_error.erb within rescues/layout (0.9ms)


Started GET "/product/index" for 127.0.0.1 at 2012-10-21 11:06:34 +0200

ActionController::RoutingError (No route matches [GET] "/product/index"):
  actionpack (3.2.8) lib/action_dispatch/middleware/debug_exceptions.rb:21:in `call'
  actionpack (3.2.8) lib/action_dispatch/middleware/show_exceptions.rb:56:in `call'
  railties (3.2.8) lib/rails/rack/logger.rb:26:in `call_app'
  railties (3.2.8) lib/rails/rack/logger.rb:16:in `call'
  actionpack (3.2.8) lib/action_dispatch/middleware/request_id.rb:22:in `call'
  rack (1.4.1) lib/rack/methodoverride.rb:21:in `call'
  rack (1.4.1) lib/rack/runtime.rb:17:in `call'
  activesupport (3.2.8) lib/active_support/cache/strategy/local_cache.rb:72:in `call'
  rack (1.4.1) lib/rack/lock.rb:15:in `call'
  actionpack (3.2.8) lib/action_dispatch/middleware/static.rb:62:in `call'
  railties (3.2.8) lib/rails/engine.rb:479:in `call'
  railties (3.2.8) lib/rails/application.rb:223:in `call'
  rack (1.4.1) lib/rack/content_length.rb:14:in `call'
  railties (3.2.8) lib/rails/rack/log_tailer.rb:17:in `call'
  rack (1.4.1) lib/rack/handler/webrick.rb:59:in `service'
  /usr/lib/ruby/1.9.1/webrick/httpserver.rb:138:in `service'
  /usr/lib/ruby/1.9.1/webrick/httpserver.rb:94:in `run'
  /usr/lib/ruby/1.9.1/webrick/server.rb:191:in `block in start_thread'


  Rendered /var/lib/gems/1.9.1/gems/actionpack-3.2.8/lib/action_dispatch/middleware/templates/rescues/routing_error.erb within rescues/layout (0.9ms)


Started GET "/product" for 127.0.0.1 at 2012-10-21 11:06:54 +0200

ActionController::RoutingError (No route matches [GET] "/product"):
  actionpack (3.2.8) lib/action_dispatch/middleware/debug_exceptions.rb:21:in `call'
  actionpack (3.2.8) lib/action_dispatch/middleware/show_exceptions.rb:56:in `call'
  railties (3.2.8) lib/rails/rack/logger.rb:26:in `call_app'
  railties (3.2.8) lib/rails/rack/logger.rb:16:in `call'
  actionpack (3.2.8) lib/action_dispatch/middleware/request_id.rb:22:in `call'
  rack (1.4.1) lib/rack/methodoverride.rb:21:in `call'
  rack (1.4.1) lib/rack/runtime.rb:17:in `call'
  activesupport (3.2.8) lib/active_support/cache/strategy/local_cache.rb:72:in `call'
  rack (1.4.1) lib/rack/lock.rb:15:in `call'
  actionpack (3.2.8) lib/action_dispatch/middleware/static.rb:62:in `call'
  railties (3.2.8) lib/rails/engine.rb:479:in `call'
  railties (3.2.8) lib/rails/application.rb:223:in `call'
  rack (1.4.1) lib/rack/content_length.rb:14:in `call'
  railties (3.2.8) lib/rails/rack/log_tailer.rb:17:in `call'
  rack (1.4.1) lib/rack/handler/webrick.rb:59:in `service'
  /usr/lib/ruby/1.9.1/webrick/httpserver.rb:138:in `service'
  /usr/lib/ruby/1.9.1/webrick/httpserver.rb:94:in `run'
  /usr/lib/ruby/1.9.1/webrick/server.rb:191:in `block in start_thread'


  Rendered /var/lib/gems/1.9.1/gems/actionpack-3.2.8/lib/action_dispatch/middleware/templates/rescues/routing_error.erb within rescues/layout (0.9ms)
Connecting to database specified by database.yml
  [1m[36m (0.1ms)[0m  [1mSELECT "schema_migrations"."version" FROM "schema_migrations" [0m
Migrating to CreateProducts (20121021085632)
  [1m[35m (0.3ms)[0m  select sqlite_version(*)
  [1m[36m (0.1ms)[0m  [1mSELECT "schema_migrations"."version" FROM "schema_migrations" [0m
  [1m[35m (0.0ms)[0m  PRAGMA index_list("products")


Started GET "/products" for 127.0.0.1 at 2012-10-21 11:09:16 +0200
Processing by ProductsController#index as HTML
  [1m[36mProduct Load (0.2ms)[0m  [1mSELECT "products".* FROM "products" [0m
  Rendered products/index.html.erb within layouts/application (1.5ms)
Compiled products.css  (30ms)  (pid 3695)
Compiled scaffolds.css  (69ms)  (pid 3695)
Compiled application.css  (117ms)  (pid 3695)
Compiled products.js  (492ms)  (pid 3695)
Compiled application.js  (504ms)  (pid 3695)
Completed 200 OK in 1081ms (Views: 969.8ms | ActiveRecord: 7.2ms)


Started GET "/assets/application.css?body=1" for 127.0.0.1 at 2012-10-21 11:09:17 +0200
Served asset /application.css - 200 OK (12ms)


Started GET "/assets/say.css?body=1" for 127.0.0.1 at 2012-10-21 11:09:17 +0200
Served asset /say.css - 200 OK (2ms)


Started GET "/assets/products.css?body=1" for 127.0.0.1 at 2012-10-21 11:09:17 +0200
Served asset /products.css - 200 OK (2ms)


Started GET "/assets/scaffolds.css?body=1" for 127.0.0.1 at 2012-10-21 11:09:17 +0200
Served asset /scaffolds.css - 200 OK (2ms)


Started GET "/assets/jquery.js?body=1" for 127.0.0.1 at 2012-10-21 11:09:17 +0200
Served asset /jquery.js - 200 OK (4ms)


Started GET "/assets/jquery_ujs.js?body=1" for 127.0.0.1 at 2012-10-21 11:09:17 +0200
Served asset /jquery_ujs.js - 200 OK (2ms)


Started GET "/assets/application.js?body=1" for 127.0.0.1 at 2012-10-21 11:09:17 +0200
Served asset /application.js - 200 OK (13ms)


Started GET "/assets/say.js?body=1" for 127.0.0.1 at 2012-10-21 11:09:17 +0200
Served asset /say.js - 200 OK (2ms)


Started GET "/assets/products.js?body=1" for 127.0.0.1 at 2012-10-21 11:09:17 +0200
Served asset /products.js - 200 OK (2ms)


Started GET "/products/new" for 127.0.0.1 at 2012-10-21 11:09:23 +0200
Processing by ProductsController#new as HTML
  Rendered products/_form.html.erb (118.7ms)
  Rendered products/new.html.erb within layouts/application (150.0ms)
Completed 200 OK in 172ms (Views: 160.6ms | ActiveRecord: 0.0ms)


Started GET "/assets/application.css?body=1" for 127.0.0.1 at 2012-10-21 11:09:23 +0200
Served asset /application.css - 304 Not Modified (0ms)


Started GET "/assets/products.css?body=1" for 127.0.0.1 at 2012-10-21 11:09:23 +0200
Served asset /products.css - 304 Not Modified (0ms)


Started GET "/assets/say.css?body=1" for 127.0.0.1 at 2012-10-21 11:09:23 +0200
Served asset /say.css - 304 Not Modified (0ms)


Started GET "/assets/scaffolds.css?body=1" for 127.0.0.1 at 2012-10-21 11:09:23 +0200
Served asset /scaffolds.css - 304 Not Modified (0ms)


Started GET "/assets/jquery.js?body=1" for 127.0.0.1 at 2012-10-21 11:09:23 +0200
Served asset /jquery.js - 304 Not Modified (1ms)


Started GET "/assets/jquery_ujs.js?body=1" for 127.0.0.1 at 2012-10-21 11:09:23 +0200
Served asset /jquery_ujs.js - 304 Not Modified (0ms)


Started GET "/assets/products.js?body=1" for 127.0.0.1 at 2012-10-21 11:09:23 +0200
Served asset /products.js - 304 Not Modified (0ms)


Started GET "/assets/say.js?body=1" for 127.0.0.1 at 2012-10-21 11:09:23 +0200
Served asset /say.js - 304 Not Modified (0ms)


Started GET "/assets/application.js?body=1" for 127.0.0.1 at 2012-10-21 11:09:23 +0200
Served asset /application.js - 304 Not Modified (2ms)


Started GET "/products/new" for 127.0.0.1 at 2012-10-21 11:11:17 +0200
Processing by ProductsController#new as HTML
  Rendered products/_form.html.erb (5.9ms)
  Rendered products/new.html.erb within layouts/application (7.3ms)
Completed 200 OK in 18ms (Views: 17.7ms | ActiveRecord: 0.0ms)


Started GET "/assets/application.css?body=1" for 127.0.0.1 at 2012-10-21 11:11:18 +0200
Served asset /application.css - 304 Not Modified (0ms)


Started GET "/assets/jquery_ujs.js?body=1" for 127.0.0.1 at 2012-10-21 11:11:18 +0200
Served asset /jquery_ujs.js - 304 Not Modified (1ms)


Started GET "/assets/scaffolds.css?body=1" for 127.0.0.1 at 2012-10-21 11:11:18 +0200
Served asset /scaffolds.css - 304 Not Modified (0ms)


Started GET "/assets/say.css?body=1" for 127.0.0.1 at 2012-10-21 11:11:18 +0200
Served asset /say.css - 304 Not Modified (0ms)


Started GET "/assets/jquery.js?body=1" for 127.0.0.1 at 2012-10-21 11:11:18 +0200
Served asset /jquery.js - 304 Not Modified (1ms)


Started GET "/assets/products.css?body=1" for 127.0.0.1 at 2012-10-21 11:11:18 +0200
Served asset /products.css - 304 Not Modified (0ms)


Started GET "/assets/products.js?body=1" for 127.0.0.1 at 2012-10-21 11:11:18 +0200
Served asset /products.js - 304 Not Modified (1ms)


Started GET "/assets/say.js?body=1" for 127.0.0.1 at 2012-10-21 11:11:18 +0200
Served asset /say.js - 304 Not Modified (0ms)


Started GET "/assets/application.js?body=1" for 127.0.0.1 at 2012-10-21 11:11:18 +0200
Served asset /application.js - 304 Not Modified (2ms)


Started POST "/products" for 127.0.0.1 at 2012-10-21 11:12:12 +0200
Processing by ProductsController#create as HTML
  Parameters: {"utf8"=>"✓", "authenticity_token"=>"OnMjSqMHvhv3cNePNXiQD3K7U5w0e2O607SzXlhV2ng=", "product"=>{"title"=>"Ciao ciao America", "description"=>"descrizione blà blaà", "image_url"=>"http://www.cinegap.org/wp-content/uploads/2012/10/mcdull.jpg", "price"=>"23"}, "commit"=>"Create Product"}
  [1m[35m (0.2ms)[0m  begin transaction
  [1m[36mSQL (50.8ms)[0m  [1mINSERT INTO "products" ("created_at", "description", "image_url", "price", "title", "updated_at") VALUES (?, ?, ?, ?, ?, ?)[0m  [["created_at", Sun, 21 Oct 2012 09:12:12 UTC +00:00], ["description", "descrizione blà blaà"], ["image_url", "http://www.cinegap.org/wp-content/uploads/2012/10/mcdull.jpg"], ["price", #<BigDecimal:7feb083ca000,'0.23E2',9(18)>], ["title", "Ciao ciao America"], ["updated_at", Sun, 21 Oct 2012 09:12:12 UTC +00:00]]
  [1m[35m (195.1ms)[0m  commit transaction
Redirected to http://localhost:3000/products/1
Completed 302 Found in 254ms (ActiveRecord: 246.0ms)


Started GET "/products/1" for 127.0.0.1 at 2012-10-21 11:12:12 +0200
Processing by ProductsController#show as HTML
  Parameters: {"id"=>"1"}
  [1m[36mProduct Load (0.5ms)[0m  [1mSELECT "products".* FROM "products" WHERE "products"."id" = ? LIMIT 1[0m  [["id", "1"]]
  Rendered products/show.html.erb within layouts/application (2.3ms)
Completed 200 OK in 18ms (Views: 12.6ms | ActiveRecord: 0.5ms)


Started GET "/assets/application.css?body=1" for 127.0.0.1 at 2012-10-21 11:12:12 +0200
Served asset /application.css - 304 Not Modified (5ms)


Started GET "/assets/products.css?body=1" for 127.0.0.1 at 2012-10-21 11:12:12 +0200
Served asset /products.css - 304 Not Modified (0ms)


Started GET "/assets/jquery_ujs.js?body=1" for 127.0.0.1 at 2012-10-21 11:12:12 +0200
Served asset /jquery_ujs.js - 304 Not Modified (2ms)


Started GET "/assets/jquery.js?body=1" for 127.0.0.1 at 2012-10-21 11:12:12 +0200
Served asset /jquery.js - 304 Not Modified (4ms)


Started GET "/assets/scaffolds.css?body=1" for 127.0.0.1 at 2012-10-21 11:12:12 +0200
Served asset /scaffolds.css - 304 Not Modified (0ms)


Started GET "/assets/say.css?body=1" for 127.0.0.1 at 2012-10-21 11:12:12 +0200
Served asset /say.css - 304 Not Modified (0ms)


Started GET "/assets/products.js?body=1" for 127.0.0.1 at 2012-10-21 11:12:12 +0200
Served asset /products.js - 304 Not Modified (0ms)


Started GET "/assets/say.js?body=1" for 127.0.0.1 at 2012-10-21 11:12:12 +0200
Served asset /say.js - 304 Not Modified (0ms)


Started GET "/assets/application.js?body=1" for 127.0.0.1 at 2012-10-21 11:12:12 +0200
Served asset /application.js - 304 Not Modified (2ms)


Started GET "/products" for 127.0.0.1 at 2012-10-21 11:12:18 +0200
Processing by ProductsController#index as HTML
  [1m[35mProduct Load (0.3ms)[0m  SELECT "products".* FROM "products" 
  Rendered products/index.html.erb within layouts/application (1.7ms)
Completed 200 OK in 12ms (Views: 10.7ms | ActiveRecord: 0.3ms)


Started GET "/assets/application.css?body=1" for 127.0.0.1 at 2012-10-21 11:12:18 +0200
Served asset /application.css - 304 Not Modified (4ms)


Started GET "/assets/products.css?body=1" for 127.0.0.1 at 2012-10-21 11:12:18 +0200
Served asset /products.css - 304 Not Modified (2ms)


Started GET "/assets/say.css?body=1" for 127.0.0.1 at 2012-10-21 11:12:18 +0200
Served asset /say.css - 304 Not Modified (0ms)


Started GET "/assets/scaffolds.css?body=1" for 127.0.0.1 at 2012-10-21 11:12:18 +0200
Served asset /scaffolds.css - 304 Not Modified (2ms)


Started GET "/assets/jquery.js?body=1" for 127.0.0.1 at 2012-10-21 11:12:18 +0200
Served asset /jquery.js - 304 Not Modified (1ms)


Started GET "/assets/products.js?body=1" for 127.0.0.1 at 2012-10-21 11:12:18 +0200
Served asset /products.js - 304 Not Modified (0ms)


Started GET "/assets/jquery_ujs.js?body=1" for 127.0.0.1 at 2012-10-21 11:12:18 +0200
Served asset /jquery_ujs.js - 304 Not Modified (0ms)


Started GET "/assets/application.js?body=1" for 127.0.0.1 at 2012-10-21 11:12:18 +0200
Served asset /application.js - 304 Not Modified (3ms)


Started GET "/assets/say.js?body=1" for 127.0.0.1 at 2012-10-21 11:12:18 +0200
Served asset /say.js - 304 Not Modified (0ms)
Connecting to database specified by database.yml
  [1m[36m (0.1ms)[0m  [1mSELECT "schema_migrations"."version" FROM "schema_migrations" [0m
  [1m[35m (0.4ms)[0m  select sqlite_version(*)
  [1m[36m (206.8ms)[0m  [1mCREATE TABLE "products" ("id" INTEGER PRIMARY KEY AUTOINCREMENT NOT NULL, "title" varchar(255), "description" text, "image_url" varchar(255), "price" decimal, "created_at" datetime NOT NULL, "updated_at" datetime NOT NULL) [0m
  [1m[35m (178.4ms)[0m  CREATE TABLE "schema_migrations" ("version" varchar(255) NOT NULL) 
  [1m[36m (0.1ms)[0m  [1mPRAGMA index_list("schema_migrations")[0m
  [1m[35m (178.9ms)[0m  CREATE UNIQUE INDEX "unique_schema_migrations" ON "schema_migrations" ("version")
  [1m[36m (0.1ms)[0m  [1mSELECT version FROM "schema_migrations"[0m
  [1m[35m (178.2ms)[0m  INSERT INTO "schema_migrations" (version) VALUES ('20121021085632')
Connecting to database specified by database.yml
  [1m[36m (0.1ms)[0m  [1mSELECT "schema_migrations"."version" FROM "schema_migrations" [0m


Started GET "/products" for 127.0.0.1 at 2012-10-21 11:42:47 +0200
Processing by ProductsController#index as HTML
  [1m[36mProduct Load (0.4ms)[0m  [1mSELECT "products".* FROM "products" [0m
  Rendered products/index.html.erb within layouts/application (1.7ms)
Completed 200 OK in 13ms (Views: 11.6ms | ActiveRecord: 0.4ms)


Started GET "/assets/application.css?body=1" for 127.0.0.1 at 2012-10-21 11:42:47 +0200
Served asset /application.css - 304 Not Modified (1ms)


Started GET "/assets/products.css?body=1" for 127.0.0.1 at 2012-10-21 11:42:47 +0200
Served asset /products.css - 304 Not Modified (0ms)


Started GET "/assets/say.css?body=1" for 127.0.0.1 at 2012-10-21 11:42:47 +0200
Served asset /say.css - 304 Not Modified (6ms)


Started GET "/assets/say.js?body=1" for 127.0.0.1 at 2012-10-21 11:42:47 +0200
Served asset /say.js - 304 Not Modified (0ms)


Started GET "/assets/jquery_ujs.js?body=1" for 127.0.0.1 at 2012-10-21 11:42:47 +0200
Served asset /jquery_ujs.js - 304 Not Modified (0ms)


Started GET "/assets/jquery.js?body=1" for 127.0.0.1 at 2012-10-21 11:42:47 +0200
Served asset /jquery.js - 304 Not Modified (1ms)


Started GET "/assets/products.js?body=1" for 127.0.0.1 at 2012-10-21 11:42:47 +0200
Served asset /products.js - 304 Not Modified (0ms)


Started GET "/assets/scaffolds.css?body=1" for 127.0.0.1 at 2012-10-21 11:42:47 +0200
Served asset /scaffolds.css - 304 Not Modified (0ms)


Started GET "/assets/application.js?body=1" for 127.0.0.1 at 2012-10-21 11:42:47 +0200
Served asset /application.js - 304 Not Modified (4ms)
Connecting to database specified by database.yml
  [1m[36m (0.1ms)[0m  [1mSELECT "schema_migrations"."version" FROM "schema_migrations" [0m
  [1m[35mSQL (278.0ms)[0m  DELETE FROM "products"
  [1m[36m (0.1ms)[0m  [1mbegin transaction[0m
  [1m[35mSQL (50.0ms)[0m  INSERT INTO "products" ("created_at", "description", "image_url", "price", "title", "updated_at") VALUES (?, ?, ?, ?, ?, ?)  [["created_at", Sun, 21 Oct 2012 09:43:59 UTC +00:00], ["description", "<p>\nRuby is the fastest growing and most exciting dynamic language\nout there. If you need to get working programs delivered fast,\nyou should add Ruby to your toolbox.\n</p>"], ["image_url", "ruby.jpg"], ["price", #<BigDecimal:2dc25b0,'0.4995E2',18(45)>], ["title", "Programming Ruby 1.9"], ["updated_at", Sun, 21 Oct 2012 09:43:59 UTC +00:00]]
  [1m[36m (214.2ms)[0m  [1mcommit transaction[0m


Started GET "/products" for 127.0.0.1 at 2012-10-21 11:44:03 +0200
Processing by ProductsController#index as HTML
  [1m[35mProduct Load (0.5ms)[0m  SELECT "products".* FROM "products" 
  Rendered products/index.html.erb within layouts/application (2.4ms)
Completed 200 OK in 15ms (Views: 13.2ms | ActiveRecord: 0.5ms)


Started GET "/assets/application.css?body=1" for 127.0.0.1 at 2012-10-21 11:44:03 +0200
Served asset /application.css - 304 Not Modified (0ms)


Started GET "/assets/products.css?body=1" for 127.0.0.1 at 2012-10-21 11:44:03 +0200
Served asset /products.css - 304 Not Modified (0ms)


Started GET "/assets/say.css?body=1" for 127.0.0.1 at 2012-10-21 11:44:03 +0200
Served asset /say.css - 304 Not Modified (0ms)


Started GET "/assets/products.js?body=1" for 127.0.0.1 at 2012-10-21 11:44:03 +0200
Served asset /products.js - 304 Not Modified (0ms)


Started GET "/assets/jquery_ujs.js?body=1" for 127.0.0.1 at 2012-10-21 11:44:03 +0200
Served asset /jquery_ujs.js - 304 Not Modified (0ms)


Started GET "/assets/jquery.js?body=1" for 127.0.0.1 at 2012-10-21 11:44:03 +0200
Served asset /jquery.js - 304 Not Modified (1ms)


Started GET "/assets/scaffolds.css?body=1" for 127.0.0.1 at 2012-10-21 11:44:03 +0200
Served asset /scaffolds.css - 304 Not Modified (0ms)


Started GET "/assets/say.js?body=1" for 127.0.0.1 at 2012-10-21 11:44:03 +0200
Served asset /say.js - 304 Not Modified (0ms)


Started GET "/assets/application.js?body=1" for 127.0.0.1 at 2012-10-21 11:44:03 +0200
Served asset /application.js - 304 Not Modified (2ms)


Started GET "/products/2" for 127.0.0.1 at 2012-10-21 12:02:03 +0200
Processing by ProductsController#show as HTML
  Parameters: {"id"=>"2"}
  [1m[36mProduct Load (0.2ms)[0m  [1mSELECT "products".* FROM "products" WHERE "products"."id" = ? LIMIT 1[0m  [["id", "2"]]
  Rendered products/show.html.erb within layouts/application (1.2ms)
Compiled products.css  (11ms)  (pid 3695)
Compiled application.css  (1ms)  (pid 3695)
Completed 200 OK in 43ms (Views: 41.3ms | ActiveRecord: 0.2ms)


Started GET "/assets/application.css?body=1" for 127.0.0.1 at 2012-10-21 12:02:03 +0200
Served asset /application.css - 304 Not Modified (17ms)


Started GET "/assets/products.css?body=1" for 127.0.0.1 at 2012-10-21 12:02:03 +0200
Served asset /products.css - 200 OK (2ms)


Started GET "/assets/jquery_ujs.js?body=1" for 127.0.0.1 at 2012-10-21 12:02:03 +0200
Served asset /jquery_ujs.js - 304 Not Modified (0ms)


Started GET "/assets/say.css?body=1" for 127.0.0.1 at 2012-10-21 12:02:03 +0200
Served asset /say.css - 304 Not Modified (0ms)


Started GET "/assets/jquery.js?body=1" for 127.0.0.1 at 2012-10-21 12:02:03 +0200
Served asset /jquery.js - 304 Not Modified (3ms)


Started GET "/assets/scaffolds.css?body=1" for 127.0.0.1 at 2012-10-21 12:02:03 +0200
Served asset /scaffolds.css - 304 Not Modified (0ms)


Started GET "/assets/say.js?body=1" for 127.0.0.1 at 2012-10-21 12:02:03 +0200
Served asset /say.js - 304 Not Modified (0ms)


Started GET "/assets/application.js?body=1" for 127.0.0.1 at 2012-10-21 12:02:03 +0200
Served asset /application.js - 304 Not Modified (2ms)


Started GET "/assets/products.js?body=1" for 127.0.0.1 at 2012-10-21 12:02:03 +0200
Served asset /products.js - 304 Not Modified (0ms)


Started GET "/products" for 127.0.0.1 at 2012-10-21 12:11:11 +0200
Processing by ProductsController#index as HTML
  [1m[35mProduct Load (0.3ms)[0m  SELECT "products".* FROM "products" 
  Rendered products/index.html.erb within layouts/application (1.9ms)
Completed 200 OK in 17ms (Views: 16.1ms | ActiveRecord: 0.3ms)


Started GET "/assets/application.css?body=1" for 127.0.0.1 at 2012-10-21 12:11:11 +0200
Served asset /application.css - 304 Not Modified (0ms)


Started GET "/assets/products.css?body=1" for 127.0.0.1 at 2012-10-21 12:11:11 +0200
Served asset /products.css - 304 Not Modified (0ms)


Started GET "/assets/say.css?body=1" for 127.0.0.1 at 2012-10-21 12:11:11 +0200
Served asset /say.css - 304 Not Modified (0ms)


Started GET "/assets/jquery_ujs.js?body=1" for 127.0.0.1 at 2012-10-21 12:11:11 +0200
Served asset /jquery_ujs.js - 304 Not Modified (0ms)


Started GET "/assets/scaffolds.css?body=1" for 127.0.0.1 at 2012-10-21 12:11:11 +0200
Served asset /scaffolds.css - 304 Not Modified (0ms)


Started GET "/assets/products.js?body=1" for 127.0.0.1 at 2012-10-21 12:11:11 +0200
Served asset /products.js - 304 Not Modified (0ms)


Started GET "/assets/jquery.js?body=1" for 127.0.0.1 at 2012-10-21 12:11:11 +0200
Served asset /jquery.js - 304 Not Modified (1ms)


Started GET "/assets/application.js?body=1" for 127.0.0.1 at 2012-10-21 12:11:11 +0200
Served asset /application.js - 304 Not Modified (2ms)


Started GET "/assets/say.js?body=1" for 127.0.0.1 at 2012-10-21 12:11:11 +0200
Served asset /say.js - 304 Not Modified (0ms)


Started GET "/products" for 127.0.0.1 at 2012-10-21 12:12:39 +0200
Processing by ProductsController#index as HTML
  [1m[36mProduct Load (0.5ms)[0m  [1mSELECT "products".* FROM "products" [0m
  Rendered products/index.html.erb within layouts/application (168.3ms)
Completed 200 OK in 181ms (Views: 178.1ms | ActiveRecord: 0.5ms)


Started GET "/assets/application.css?body=1" for 127.0.0.1 at 2012-10-21 12:12:39 +0200
Served asset /application.css - 304 Not Modified (0ms)


Started GET "/assets/jquery.js?body=1" for 127.0.0.1 at 2012-10-21 12:12:39 +0200
Served asset /jquery.js - 304 Not Modified (13ms)


Started GET "/assets/scaffolds.css?body=1" for 127.0.0.1 at 2012-10-21 12:12:39 +0200
Served asset /scaffolds.css - 304 Not Modified (0ms)


Started GET "/assets/say.css?body=1" for 127.0.0.1 at 2012-10-21 12:12:39 +0200
Served asset /say.css - 304 Not Modified (0ms)


Started GET "/assets/jquery_ujs.js?body=1" for 127.0.0.1 at 2012-10-21 12:12:39 +0200
Served asset /jquery_ujs.js - 304 Not Modified (2ms)


Started GET "/assets/products.js?body=1" for 127.0.0.1 at 2012-10-21 12:12:39 +0200
Served asset /products.js - 304 Not Modified (0ms)


Started GET "/assets/products.css?body=1" for 127.0.0.1 at 2012-10-21 12:12:39 +0200
Served asset /products.css - 304 Not Modified (0ms)


Started GET "/assets/application.js?body=1" for 127.0.0.1 at 2012-10-21 12:12:39 +0200
Served asset /application.js - 304 Not Modified (6ms)


Started GET "/assets/say.js?body=1" for 127.0.0.1 at 2012-10-21 12:12:39 +0200
Served asset /say.js - 304 Not Modified (0ms)


Started GET "/assets/ruby.jpg" for 127.0.0.1 at 2012-10-21 12:12:39 +0200
Served asset /ruby.jpg - 200 OK (6ms)


Started GET "/products/new" for 127.0.0.1 at 2012-10-21 12:21:12 +0200
Processing by ProductsController#new as HTML
  Rendered products/_form.html.erb (4.9ms)
  Rendered products/new.html.erb within layouts/application (6.3ms)
Completed 200 OK in 30ms (Views: 16.3ms | ActiveRecord: 0.8ms)


Started GET "/assets/application.css?body=1" for 127.0.0.1 at 2012-10-21 12:21:12 +0200
Served asset /application.css - 304 Not Modified (0ms)


Started GET "/assets/scaffolds.css?body=1" for 127.0.0.1 at 2012-10-21 12:21:12 +0200
Served asset /scaffolds.css - 304 Not Modified (0ms)


Started GET "/assets/say.css?body=1" for 127.0.0.1 at 2012-10-21 12:21:12 +0200
Served asset /say.css - 304 Not Modified (0ms)


Started GET "/assets/products.css?body=1" for 127.0.0.1 at 2012-10-21 12:21:12 +0200
Served asset /products.css - 304 Not Modified (0ms)


Started GET "/assets/jquery_ujs.js?body=1" for 127.0.0.1 at 2012-10-21 12:21:12 +0200
Served asset /jquery_ujs.js - 304 Not Modified (0ms)


Started GET "/assets/jquery.js?body=1" for 127.0.0.1 at 2012-10-21 12:21:12 +0200
Served asset /jquery.js - 304 Not Modified (5ms)


Started GET "/assets/products.js?body=1" for 127.0.0.1 at 2012-10-21 12:21:12 +0200
Served asset /products.js - 304 Not Modified (0ms)


Started GET "/assets/application.js?body=1" for 127.0.0.1 at 2012-10-21 12:21:12 +0200
Served asset /application.js - 304 Not Modified (3ms)


Started GET "/assets/say.js?body=1" for 127.0.0.1 at 2012-10-21 12:21:12 +0200
Served asset /say.js - 304 Not Modified (0ms)


Started POST "/products" for 127.0.0.1 at 2012-10-21 12:21:16 +0200
Processing by ProductsController#create as HTML
  Parameters: {"utf8"=>"✓", "authenticity_token"=>"OnMjSqMHvhv3cNePNXiQD3K7U5w0e2O607SzXlhV2ng=", "product"=>{"title"=>"df", "description"=>"sad", "image_url"=>"", "price"=>""}, "commit"=>"Create Product"}
  [1m[35m (0.1ms)[0m  begin transaction
  [1m[36mProduct Exists (0.3ms)[0m  [1mSELECT 1 AS one FROM "products" WHERE "products"."title" = 'df' LIMIT 1[0m
  [1m[35m (0.1ms)[0m  rollback transaction
  Rendered products/_form.html.erb (8.0ms)
  Rendered products/new.html.erb within layouts/application (9.6ms)
Completed 200 OK in 130ms (Views: 22.0ms | ActiveRecord: 0.6ms)


Started GET "/assets/application.css?body=1" for 127.0.0.1 at 2012-10-21 12:21:17 +0200
Served asset /application.css - 304 Not Modified (8ms)


Started GET "/assets/products.css?body=1" for 127.0.0.1 at 2012-10-21 12:21:17 +0200
Served asset /products.css - 304 Not Modified (0ms)


Started GET "/assets/jquery_ujs.js?body=1" for 127.0.0.1 at 2012-10-21 12:21:17 +0200
Served asset /jquery_ujs.js - 304 Not Modified (5ms)


Started GET "/assets/jquery.js?body=1" for 127.0.0.1 at 2012-10-21 12:21:17 +0200
Served asset /jquery.js - 304 Not Modified (1ms)


Started GET "/assets/scaffolds.css?body=1" for 127.0.0.1 at 2012-10-21 12:21:17 +0200
Served asset /scaffolds.css - 304 Not Modified (0ms)


Started GET "/assets/say.css?body=1" for 127.0.0.1 at 2012-10-21 12:21:17 +0200
Served asset /say.css - 304 Not Modified (1ms)


Started GET "/assets/products.js?body=1" for 127.0.0.1 at 2012-10-21 12:21:17 +0200
Served asset /products.js - 304 Not Modified (0ms)


Started GET "/assets/application.js?body=1" for 127.0.0.1 at 2012-10-21 12:21:17 +0200
Served asset /application.js - 304 Not Modified (2ms)


Started GET "/assets/say.js?body=1" for 127.0.0.1 at 2012-10-21 12:21:17 +0200
Served asset /say.js - 304 Not Modified (0ms)


Started POST "/products" for 127.0.0.1 at 2012-10-21 12:21:25 +0200
Processing by ProductsController#create as HTML
  Parameters: {"utf8"=>"✓", "authenticity_token"=>"OnMjSqMHvhv3cNePNXiQD3K7U5w0e2O607SzXlhV2ng=", "product"=>{"title"=>"df", "description"=>"sad", "image_url"=>"", "price"=>"2452"}, "commit"=>"Create Product"}
  [1m[36m (0.2ms)[0m  [1mbegin transaction[0m
  [1m[35mProduct Exists (0.3ms)[0m  SELECT 1 AS one FROM "products" WHERE "products"."title" = 'df' LIMIT 1
  [1m[36m (0.1ms)[0m  [1mrollback transaction[0m
  Rendered products/_form.html.erb (4.8ms)
  Rendered products/new.html.erb within layouts/application (5.9ms)
Completed 200 OK in 21ms (Views: 16.2ms | ActiveRecord: 0.5ms)


Started GET "/assets/application.css?body=1" for 127.0.0.1 at 2012-10-21 12:21:25 +0200
Served asset /application.css - 304 Not Modified (0ms)


Started GET "/assets/products.css?body=1" for 127.0.0.1 at 2012-10-21 12:21:25 +0200
Served asset /products.css - 304 Not Modified (0ms)


Started GET "/assets/say.css?body=1" for 127.0.0.1 at 2012-10-21 12:21:26 +0200
Served asset /say.css - 304 Not Modified (5ms)


Started GET "/assets/products.js?body=1" for 127.0.0.1 at 2012-10-21 12:21:26 +0200
Served asset /products.js - 304 Not Modified (0ms)


Started GET "/assets/scaffolds.css?body=1" for 127.0.0.1 at 2012-10-21 12:21:26 +0200
Served asset /scaffolds.css - 304 Not Modified (0ms)


Started GET "/assets/jquery.js?body=1" for 127.0.0.1 at 2012-10-21 12:21:26 +0200
Served asset /jquery.js - 304 Not Modified (2ms)


Started GET "/assets/jquery_ujs.js?body=1" for 127.0.0.1 at 2012-10-21 12:21:26 +0200
Served asset /jquery_ujs.js - 304 Not Modified (0ms)


Started GET "/assets/say.js?body=1" for 127.0.0.1 at 2012-10-21 12:21:26 +0200
Served asset /say.js - 304 Not Modified (0ms)


Started GET "/assets/application.js?body=1" for 127.0.0.1 at 2012-10-21 12:21:26 +0200
Served asset /application.js - 304 Not Modified (56ms)


Started GET "/products" for 127.0.0.1 at 2012-10-21 12:21:38 +0200
Processing by ProductsController#index as HTML
  [1m[35mProduct Load (0.3ms)[0m  SELECT "products".* FROM "products" 
  Rendered products/index.html.erb within layouts/application (3.2ms)
Completed 200 OK in 17ms (Views: 14.3ms | ActiveRecord: 0.3ms)


Started GET "/assets/application.css?body=1" for 127.0.0.1 at 2012-10-21 12:21:39 +0200
Served asset /application.css - 304 Not Modified (1ms)


Started GET "/assets/say.css?body=1" for 127.0.0.1 at 2012-10-21 12:21:39 +0200
Served asset /say.css - 304 Not Modified (0ms)


Started GET "/assets/scaffolds.css?body=1" for 127.0.0.1 at 2012-10-21 12:21:39 +0200
Served asset /scaffolds.css - 304 Not Modified (0ms)


Started GET "/assets/jquery_ujs.js?body=1" for 127.0.0.1 at 2012-10-21 12:21:39 +0200
Served asset /jquery_ujs.js - 304 Not Modified (0ms)


Started GET "/assets/products.css?body=1" for 127.0.0.1 at 2012-10-21 12:21:39 +0200
Served asset /products.css - 304 Not Modified (0ms)


Started GET "/assets/jquery.js?body=1" for 127.0.0.1 at 2012-10-21 12:21:39 +0200
Served asset /jquery.js - 304 Not Modified (1ms)


Started GET "/assets/products.js?body=1" for 127.0.0.1 at 2012-10-21 12:21:39 +0200
Served asset /products.js - 304 Not Modified (0ms)


Started GET "/assets/say.js?body=1" for 127.0.0.1 at 2012-10-21 12:21:39 +0200
Served asset /say.js - 304 Not Modified (0ms)


Started GET "/assets/application.js?body=1" for 127.0.0.1 at 2012-10-21 12:21:39 +0200
Served asset /application.js - 304 Not Modified (2ms)


Started GET "/assets/ruby.jpg" for 127.0.0.1 at 2012-10-21 12:21:39 +0200
Served asset /ruby.jpg - 304 Not Modified (0ms)


Started GET "/products/2/edit" for 127.0.0.1 at 2012-10-21 12:21:45 +0200
Processing by ProductsController#edit as HTML
  Parameters: {"id"=>"2"}
  [1m[36mProduct Load (0.4ms)[0m  [1mSELECT "products".* FROM "products" WHERE "products"."id" = ? LIMIT 1[0m  [["id", "2"]]
  Rendered products/_form.html.erb (4.7ms)
  Rendered products/edit.html.erb within layouts/application (7.5ms)
Completed 200 OK in 21ms (Views: 18.2ms | ActiveRecord: 0.4ms)


Started GET "/assets/application.css?body=1" for 127.0.0.1 at 2012-10-21 12:21:45 +0200
Served asset /application.css - 304 Not Modified (1ms)


Started GET "/assets/products.css?body=1" for 127.0.0.1 at 2012-10-21 12:21:45 +0200
Served asset /products.css - 304 Not Modified (6ms)


Started GET "/assets/scaffolds.css?body=1" for 127.0.0.1 at 2012-10-21 12:21:45 +0200
Served asset /scaffolds.css - 304 Not Modified (0ms)


Started GET "/assets/jquery.js?body=1" for 127.0.0.1 at 2012-10-21 12:21:45 +0200
Served asset /jquery.js - 304 Not Modified (1ms)


Started GET "/assets/say.css?body=1" for 127.0.0.1 at 2012-10-21 12:21:45 +0200
Served asset /say.css - 304 Not Modified (0ms)


Started GET "/assets/jquery_ujs.js?body=1" for 127.0.0.1 at 2012-10-21 12:21:45 +0200
Served asset /jquery_ujs.js - 304 Not Modified (0ms)


Started GET "/assets/products.js?body=1" for 127.0.0.1 at 2012-10-21 12:21:45 +0200
Served asset /products.js - 304 Not Modified (0ms)


Started GET "/assets/say.js?body=1" for 127.0.0.1 at 2012-10-21 12:21:45 +0200
Served asset /say.js - 304 Not Modified (0ms)


Started GET "/assets/application.js?body=1" for 127.0.0.1 at 2012-10-21 12:21:45 +0200
Served asset /application.js - 304 Not Modified (2ms)


Started GET "/products" for 127.0.0.1 at 2012-10-21 12:21:51 +0200
Processing by ProductsController#index as HTML
  [1m[35mProduct Load (0.3ms)[0m  SELECT "products".* FROM "products" 
  Rendered products/index.html.erb within layouts/application (2.3ms)
Completed 200 OK in 14ms (Views: 12.1ms | ActiveRecord: 0.3ms)


Started GET "/assets/application.css?body=1" for 127.0.0.1 at 2012-10-21 12:21:51 +0200
Served asset /application.css - 304 Not Modified (0ms)


Started GET "/assets/products.css?body=1" for 127.0.0.1 at 2012-10-21 12:21:51 +0200
Served asset /products.css - 304 Not Modified (0ms)


Started GET "/assets/scaffolds.css?body=1" for 127.0.0.1 at 2012-10-21 12:21:51 +0200
Served asset /scaffolds.css - 304 Not Modified (0ms)


Started GET "/assets/say.css?body=1" for 127.0.0.1 at 2012-10-21 12:21:51 +0200
Served asset /say.css - 304 Not Modified (0ms)


Started GET "/assets/jquery.js?body=1" for 127.0.0.1 at 2012-10-21 12:21:51 +0200
Served asset /jquery.js - 304 Not Modified (1ms)


Started GET "/assets/jquery_ujs.js?body=1" for 127.0.0.1 at 2012-10-21 12:21:51 +0200
Served asset /jquery_ujs.js - 304 Not Modified (0ms)


Started GET "/assets/application.js?body=1" for 127.0.0.1 at 2012-10-21 12:21:51 +0200
Served asset /application.js - 304 Not Modified (2ms)


Started GET "/assets/say.js?body=1" for 127.0.0.1 at 2012-10-21 12:21:51 +0200
Served asset /say.js - 304 Not Modified (0ms)


Started GET "/assets/products.js?body=1" for 127.0.0.1 at 2012-10-21 12:21:51 +0200
Served asset /products.js - 304 Not Modified (0ms)


Started GET "/assets/ruby.jpg" for 127.0.0.1 at 2012-10-21 12:21:51 +0200
Served asset /ruby.jpg - 304 Not Modified (0ms)


Started GET "/products/new" for 127.0.0.1 at 2012-10-21 12:22:11 +0200
Processing by ProductsController#new as HTML
  Rendered products/_form.html.erb (3.4ms)
  Rendered products/new.html.erb within layouts/application (4.4ms)
Completed 200 OK in 14ms (Views: 13.9ms | ActiveRecord: 0.0ms)


Started GET "/assets/application.css?body=1" for 127.0.0.1 at 2012-10-21 12:22:11 +0200
Served asset /application.css - 304 Not Modified (1ms)


Started GET "/assets/jquery.js?body=1" for 127.0.0.1 at 2012-10-21 12:22:11 +0200
Served asset /jquery.js - 304 Not Modified (9ms)


Started GET "/assets/scaffolds.css?body=1" for 127.0.0.1 at 2012-10-21 12:22:11 +0200
Served asset /scaffolds.css - 304 Not Modified (0ms)


Started GET "/assets/say.css?body=1" for 127.0.0.1 at 2012-10-21 12:22:11 +0200
Served asset /say.css - 304 Not Modified (0ms)


Started GET "/assets/products.css?body=1" for 127.0.0.1 at 2012-10-21 12:22:11 +0200
Served asset /products.css - 304 Not Modified (2ms)


Started GET "/assets/jquery_ujs.js?body=1" for 127.0.0.1 at 2012-10-21 12:22:11 +0200
Served asset /jquery_ujs.js - 304 Not Modified (0ms)


Started GET "/assets/say.js?body=1" for 127.0.0.1 at 2012-10-21 12:22:12 +0200
Served asset /say.js - 304 Not Modified (0ms)


Started GET "/assets/application.js?body=1" for 127.0.0.1 at 2012-10-21 12:22:12 +0200
Served asset /application.js - 304 Not Modified (2ms)


Started GET "/assets/products.js?body=1" for 127.0.0.1 at 2012-10-21 12:22:12 +0200
Served asset /products.js - 304 Not Modified (0ms)


Started POST "/products" for 127.0.0.1 at 2012-10-21 12:22:27 +0200
Processing by ProductsController#create as HTML
  Parameters: {"utf8"=>"✓", "authenticity_token"=>"OnMjSqMHvhv3cNePNXiQD3K7U5w0e2O607SzXlhV2ng=", "product"=>{"title"=>"df", "description"=>"srzjhs", "image_url"=>"cs.jpg", "price"=>"123"}, "commit"=>"Create Product"}
  [1m[36m (0.1ms)[0m  [1mbegin transaction[0m
  [1m[35mProduct Exists (0.3ms)[0m  SELECT 1 AS one FROM "products" WHERE "products"."title" = 'df' LIMIT 1
  [1m[36mSQL (0.9ms)[0m  [1mINSERT INTO "products" ("created_at", "description", "image_url", "price", "title", "updated_at") VALUES (?, ?, ?, ?, ?, ?)[0m  [["created_at", Sun, 21 Oct 2012 10:22:27 UTC +00:00], ["description", "srzjhs"], ["image_url", "cs.jpg"], ["price", #<BigDecimal:7feb184f1a40,'0.123E3',9(18)>], ["title", "df"], ["updated_at", Sun, 21 Oct 2012 10:22:27 UTC +00:00]]
  [1m[35m (188.0ms)[0m  commit transaction
Redirected to http://localhost:3000/products/3
Completed 302 Found in 198ms (ActiveRecord: 189.2ms)


Started GET "/products/3" for 127.0.0.1 at 2012-10-21 12:22:27 +0200
Processing by ProductsController#show as HTML
  Parameters: {"id"=>"3"}
  [1m[36mProduct Load (0.3ms)[0m  [1mSELECT "products".* FROM "products" WHERE "products"."id" = ? LIMIT 1[0m  [["id", "3"]]
  Rendered products/show.html.erb within layouts/application (1.4ms)
Completed 200 OK in 16ms (Views: 12.8ms | ActiveRecord: 0.3ms)


Started GET "/assets/application.css?body=1" for 127.0.0.1 at 2012-10-21 12:22:28 +0200
Served asset /application.css - 304 Not Modified (0ms)


Started GET "/assets/products.css?body=1" for 127.0.0.1 at 2012-10-21 12:22:28 +0200
Served asset /products.css - 304 Not Modified (0ms)


Started GET "/assets/scaffolds.css?body=1" for 127.0.0.1 at 2012-10-21 12:22:28 +0200
Served asset /scaffolds.css - 304 Not Modified (0ms)


Started GET "/assets/say.css?body=1" for 127.0.0.1 at 2012-10-21 12:22:28 +0200
Served asset /say.css - 304 Not Modified (0ms)


Started GET "/assets/jquery.js?body=1" for 127.0.0.1 at 2012-10-21 12:22:28 +0200
Served asset /jquery.js - 304 Not Modified (1ms)


Started GET "/assets/jquery_ujs.js?body=1" for 127.0.0.1 at 2012-10-21 12:22:28 +0200
Served asset /jquery_ujs.js - 304 Not Modified (0ms)


Started GET "/assets/products.js?body=1" for 127.0.0.1 at 2012-10-21 12:22:28 +0200
Served asset /products.js - 304 Not Modified (0ms)


Started GET "/assets/say.js?body=1" for 127.0.0.1 at 2012-10-21 12:22:28 +0200
Served asset /say.js - 304 Not Modified (0ms)


Started GET "/assets/application.js?body=1" for 127.0.0.1 at 2012-10-21 12:22:28 +0200
Served asset /application.js - 304 Not Modified (6ms)


Started GET "/products" for 127.0.0.1 at 2012-10-21 12:22:30 +0200
Processing by ProductsController#index as HTML
  [1m[35mProduct Load (0.3ms)[0m  SELECT "products".* FROM "products" 
  Rendered products/index.html.erb within layouts/application (3.0ms)
Completed 200 OK in 13ms (Views: 11.5ms | ActiveRecord: 0.3ms)


Started GET "/assets/application.css?body=1" for 127.0.0.1 at 2012-10-21 12:22:30 +0200
Served asset /application.css - 304 Not Modified (0ms)


Started GET "/assets/products.css?body=1" for 127.0.0.1 at 2012-10-21 12:22:30 +0200
Served asset /products.css - 304 Not Modified (0ms)


Started GET "/assets/jquery.js?body=1" for 127.0.0.1 at 2012-10-21 12:22:30 +0200
Served asset /jquery.js - 304 Not Modified (10ms)


Started GET "/assets/say.css?body=1" for 127.0.0.1 at 2012-10-21 12:22:30 +0200
Served asset /say.css - 304 Not Modified (1ms)


Started GET "/assets/scaffolds.css?body=1" for 127.0.0.1 at 2012-10-21 12:22:30 +0200
Served asset /scaffolds.css - 304 Not Modified (0ms)


Started GET "/assets/products.js?body=1" for 127.0.0.1 at 2012-10-21 12:22:30 +0200
Served asset /products.js - 304 Not Modified (0ms)


Started GET "/assets/jquery_ujs.js?body=1" for 127.0.0.1 at 2012-10-21 12:22:30 +0200
Served asset /jquery_ujs.js - 304 Not Modified (0ms)


Started GET "/assets/say.js?body=1" for 127.0.0.1 at 2012-10-21 12:22:30 +0200
Served asset /say.js - 304 Not Modified (0ms)


Started GET "/assets/application.js?body=1" for 127.0.0.1 at 2012-10-21 12:22:30 +0200
Served asset /application.js - 304 Not Modified (2ms)


Started GET "/assets/cs.jpg" for 127.0.0.1 at 2012-10-21 12:22:30 +0200
Served asset /cs.jpg - 200 OK (10ms)


Started GET "/assets/ruby.jpg" for 127.0.0.1 at 2012-10-21 12:22:30 +0200
Served asset /ruby.jpg - 304 Not Modified (0ms)


Started GET "/products/new" for 127.0.0.1 at 2012-10-21 12:22:41 +0200
Processing by ProductsController#new as HTML
  Rendered products/_form.html.erb (4.1ms)
  Rendered products/new.html.erb within layouts/application (5.2ms)
Completed 200 OK in 16ms (Views: 13.0ms | ActiveRecord: 0.0ms)


Started GET "/assets/application.css?body=1" for 127.0.0.1 at 2012-10-21 12:22:41 +0200
Served asset /application.css - 304 Not Modified (0ms)


Started GET "/assets/scaffolds.css?body=1" for 127.0.0.1 at 2012-10-21 12:22:41 +0200
Served asset /scaffolds.css - 304 Not Modified (0ms)


Started GET "/assets/products.css?body=1" for 127.0.0.1 at 2012-10-21 12:22:41 +0200
Served asset /products.css - 304 Not Modified (0ms)


Started GET "/assets/jquery.js?body=1" for 127.0.0.1 at 2012-10-21 12:22:41 +0200
Served asset /jquery.js - 304 Not Modified (1ms)


Started GET "/assets/say.css?body=1" for 127.0.0.1 at 2012-10-21 12:22:41 +0200
Served asset /say.css - 304 Not Modified (0ms)


Started GET "/assets/jquery_ujs.js?body=1" for 127.0.0.1 at 2012-10-21 12:22:41 +0200
Served asset /jquery_ujs.js - 304 Not Modified (0ms)


Started GET "/assets/products.js?body=1" for 127.0.0.1 at 2012-10-21 12:22:41 +0200
Served asset /products.js - 304 Not Modified (0ms)


Started GET "/assets/say.js?body=1" for 127.0.0.1 at 2012-10-21 12:22:41 +0200
Served asset /say.js - 304 Not Modified (0ms)


Started GET "/assets/application.js?body=1" for 127.0.0.1 at 2012-10-21 12:22:41 +0200
Served asset /application.js - 304 Not Modified (2ms)


Started POST "/products" for 127.0.0.1 at 2012-10-21 12:22:49 +0200
Processing by ProductsController#create as HTML
  Parameters: {"utf8"=>"✓", "authenticity_token"=>"OnMjSqMHvhv3cNePNXiQD3K7U5w0e2O607SzXlhV2ng=", "product"=>{"title"=>"Programming Ruby 1.9", "description"=>"qweq3r", "image_url"=>"cs.jpg", "price"=>"345"}, "commit"=>"Create Product"}
  [1m[36m (0.1ms)[0m  [1mbegin transaction[0m
  [1m[35mProduct Exists (0.2ms)[0m  SELECT 1 AS one FROM "products" WHERE "products"."title" = 'Programming Ruby 1.9' LIMIT 1
  [1m[36m (0.1ms)[0m  [1mrollback transaction[0m
  Rendered products/_form.html.erb (4.6ms)
  Rendered products/new.html.erb within layouts/application (5.8ms)
Completed 200 OK in 78ms (Views: 73.1ms | ActiveRecord: 0.5ms)


Started GET "/assets/application.css?body=1" for 127.0.0.1 at 2012-10-21 12:22:49 +0200
Served asset /application.css - 304 Not Modified (0ms)


Started GET "/assets/jquery_ujs.js?body=1" for 127.0.0.1 at 2012-10-21 12:22:49 +0200
Served asset /jquery_ujs.js - 304 Not Modified (12ms)


Started GET "/assets/say.css?body=1" for 127.0.0.1 at 2012-10-21 12:22:49 +0200
Served asset /say.css - 304 Not Modified (0ms)


Started GET "/assets/jquery.js?body=1" for 127.0.0.1 at 2012-10-21 12:22:49 +0200
Served asset /jquery.js - 304 Not Modified (3ms)


Started GET "/assets/scaffolds.css?body=1" for 127.0.0.1 at 2012-10-21 12:22:49 +0200
Served asset /scaffolds.css - 304 Not Modified (0ms)


Started GET "/assets/products.css?body=1" for 127.0.0.1 at 2012-10-21 12:22:49 +0200
Served asset /products.css - 304 Not Modified (0ms)


Started GET "/assets/products.js?body=1" for 127.0.0.1 at 2012-10-21 12:22:49 +0200
Served asset /products.js - 304 Not Modified (0ms)


Started GET "/assets/say.js?body=1" for 127.0.0.1 at 2012-10-21 12:22:49 +0200
Served asset /say.js - 304 Not Modified (0ms)


Started GET "/assets/application.js?body=1" for 127.0.0.1 at 2012-10-21 12:22:49 +0200
Served asset /application.js - 304 Not Modified (2ms)


Started GET "/assets/rails.png" for 127.0.0.1 at 2012-10-28 21:51:21 +0100
Connecting to database specified by database.yml
Served asset /rails.png - 200 OK (56ms)


Started GET "/products" for 127.0.0.1 at 2012-10-28 21:51:28 +0100
Processing by ProductsController#index as HTML
  [1m[36mProduct Load (0.3ms)[0m  [1mSELECT "products".* FROM "products" [0m
  Rendered products/index.html.erb within layouts/application (124.1ms)
Completed 200 OK in 836ms (Views: 722.9ms | ActiveRecord: 3.4ms)


Started GET "/assets/application.css?body=1" for 127.0.0.1 at 2012-10-28 21:51:29 +0100
Served asset /application.css - 200 OK (8ms)


Started GET "/assets/scaffolds.css?body=1" for 127.0.0.1 at 2012-10-28 21:51:29 +0100
Served asset /scaffolds.css - 200 OK (2ms)


Started GET "/assets/say.css?body=1" for 127.0.0.1 at 2012-10-28 21:51:29 +0100
Served asset /say.css - 200 OK (2ms)


Started GET "/assets/jquery.js?body=1" for 127.0.0.1 at 2012-10-28 21:51:29 +0100
Served asset /jquery.js - 200 OK (25ms)


Started GET "/assets/products.css?body=1" for 127.0.0.1 at 2012-10-28 21:51:29 +0100
Served asset /products.css - 200 OK (2ms)


Started GET "/assets/jquery_ujs.js?body=1" for 127.0.0.1 at 2012-10-28 21:51:29 +0100
Served asset /jquery_ujs.js - 200 OK (2ms)


Started GET "/assets/products.js?body=1" for 127.0.0.1 at 2012-10-28 21:51:29 +0100
Served asset /products.js - 200 OK (2ms)


Started GET "/assets/application.js?body=1" for 127.0.0.1 at 2012-10-28 21:51:29 +0100
Served asset /application.js - 200 OK (11ms)


Started GET "/assets/say.js?body=1" for 127.0.0.1 at 2012-10-28 21:51:29 +0100
Served asset /say.js - 200 OK (2ms)


Started GET "/assets/cs.jpg" for 127.0.0.1 at 2012-10-28 21:51:29 +0100
Served asset /cs.jpg - 200 OK (49ms)


Started GET "/assets/ruby.jpg" for 127.0.0.1 at 2012-10-28 21:51:29 +0100
Served asset /ruby.jpg - 200 OK (35ms)


Started GET "/products/2" for 127.0.0.1 at 2012-10-28 21:51:54 +0100
Processing by ProductsController#show as HTML
  Parameters: {"id"=>"2"}
  [1m[35mProduct Load (0.4ms)[0m  SELECT "products".* FROM "products" WHERE "products"."id" = ? LIMIT 1  [["id", "2"]]
  Rendered products/show.html.erb within layouts/application (2.0ms)
Completed 200 OK in 39ms (Views: 35.4ms | ActiveRecord: 0.4ms)


Started GET "/assets/application.css?body=1" for 127.0.0.1 at 2012-10-28 21:51:54 +0100
Served asset /application.css - 304 Not Modified (8ms)


Started GET "/assets/products.css?body=1" for 127.0.0.1 at 2012-10-28 21:51:54 +0100
Served asset /products.css - 304 Not Modified (0ms)


Started GET "/assets/scaffolds.css?body=1" for 127.0.0.1 at 2012-10-28 21:51:54 +0100
Served asset /scaffolds.css - 304 Not Modified (0ms)


Started GET "/assets/say.css?body=1" for 127.0.0.1 at 2012-10-28 21:51:54 +0100
Served asset /say.css - 304 Not Modified (0ms)


Started GET "/assets/jquery.js?body=1" for 127.0.0.1 at 2012-10-28 21:51:54 +0100
Served asset /jquery.js - 304 Not Modified (2ms)


Started GET "/assets/jquery_ujs.js?body=1" for 127.0.0.1 at 2012-10-28 21:51:54 +0100
Served asset /jquery_ujs.js - 304 Not Modified (0ms)


Started GET "/assets/say.js?body=1" for 127.0.0.1 at 2012-10-28 21:51:54 +0100
Served asset /say.js - 304 Not Modified (0ms)


Started GET "/assets/products.js?body=1" for 127.0.0.1 at 2012-10-28 21:51:54 +0100
Served asset /products.js - 304 Not Modified (0ms)


Started GET "/assets/application.js?body=1" for 127.0.0.1 at 2012-10-28 21:51:54 +0100
Served asset /application.js - 304 Not Modified (3ms)


Started GET "/products/2" for 127.0.0.1 at 2012-10-28 21:59:48 +0100
Processing by ProductsController#show as HTML
  Parameters: {"id"=>"2"}
  [1m[36mProduct Load (0.2ms)[0m  [1mSELECT "products".* FROM "products" WHERE "products"."id" = ? LIMIT 1[0m  [["id", "2"]]
  Rendered products/show.html.erb within layouts/application (3.0ms)
Completed 200 OK in 17ms (Views: 14.5ms | ActiveRecord: 0.2ms)


Started GET "/assets/application.css?body=1" for 127.0.0.1 at 2012-10-28 21:59:48 +0100
Served asset /application.css - 304 Not Modified (5ms)


Started GET "/assets/scaffolds.css?body=1" for 127.0.0.1 at 2012-10-28 21:59:48 +0100
Served asset /scaffolds.css - 304 Not Modified (4ms)


Started GET "/assets/products.css?body=1" for 127.0.0.1 at 2012-10-28 21:59:48 +0100
Served asset /products.css - 304 Not Modified (0ms)


Started GET "/assets/say.css?body=1" for 127.0.0.1 at 2012-10-28 21:59:48 +0100
Served asset /say.css - 304 Not Modified (0ms)


Started GET "/assets/jquery_ujs.js?body=1" for 127.0.0.1 at 2012-10-28 21:59:48 +0100
Served asset /jquery_ujs.js - 304 Not Modified (1ms)


Started GET "/assets/jquery.js?body=1" for 127.0.0.1 at 2012-10-28 21:59:48 +0100
Served asset /jquery.js - 304 Not Modified (1ms)


Started GET "/assets/products.js?body=1" for 127.0.0.1 at 2012-10-28 21:59:48 +0100
Served asset /products.js - 304 Not Modified (0ms)


Started GET "/assets/say.js?body=1" for 127.0.0.1 at 2012-10-28 21:59:48 +0100
Served asset /say.js - 304 Not Modified (0ms)


Started GET "/assets/application.js?body=1" for 127.0.0.1 at 2012-10-28 21:59:48 +0100
Served asset /application.js - 304 Not Modified (2ms)


Started GET "/products/2" for 127.0.0.1 at 2012-10-28 22:00:35 +0100
Processing by ProductsController#show as HTML
  Parameters: {"id"=>"2"}
  [1m[35mProduct Load (0.2ms)[0m  SELECT "products".* FROM "products" WHERE "products"."id" = ? LIMIT 1  [["id", "2"]]
  Rendered products/show.html.erb within layouts/application (2.0ms)
Completed 200 OK in 18ms (Views: 12.3ms | ActiveRecord: 0.2ms)


Started GET "/assets/application.css?body=1" for 127.0.0.1 at 2012-10-28 22:00:36 +0100
Served asset /application.css - 304 Not Modified (5ms)


Started GET "/assets/products.css?body=1" for 127.0.0.1 at 2012-10-28 22:00:36 +0100
Served asset /products.css - 304 Not Modified (0ms)


Started GET "/assets/jquery_ujs.js?body=1" for 127.0.0.1 at 2012-10-28 22:00:36 +0100
Served asset /jquery_ujs.js - 304 Not Modified (0ms)


Started GET "/assets/jquery.js?body=1" for 127.0.0.1 at 2012-10-28 22:00:36 +0100
Served asset /jquery.js - 304 Not Modified (1ms)


Started GET "/assets/scaffolds.css?body=1" for 127.0.0.1 at 2012-10-28 22:00:36 +0100
Served asset /scaffolds.css - 304 Not Modified (0ms)


Started GET "/assets/say.css?body=1" for 127.0.0.1 at 2012-10-28 22:00:36 +0100
Served asset /say.css - 304 Not Modified (0ms)


Started GET "/assets/products.js?body=1" for 127.0.0.1 at 2012-10-28 22:00:36 +0100
Served asset /products.js - 304 Not Modified (0ms)


Started GET "/assets/application.js?body=1" for 127.0.0.1 at 2012-10-28 22:00:36 +0100
Served asset /application.js - 304 Not Modified (3ms)


Started GET "/assets/say.js?body=1" for 127.0.0.1 at 2012-10-28 22:00:36 +0100
Served asset /say.js - 304 Not Modified (0ms)


Started GET "/products/2" for 127.0.0.1 at 2012-10-28 22:01:51 +0100
Processing by ProductsController#show as HTML
  Parameters: {"id"=>"2"}
  [1m[36mProduct Load (0.2ms)[0m  [1mSELECT "products".* FROM "products" WHERE "products"."id" = ? LIMIT 1[0m  [["id", "2"]]
  Rendered products/show.html.erb within layouts/application (2.9ms)
Completed 200 OK in 16ms (Views: 14.0ms | ActiveRecord: 0.2ms)


Started GET "/assets/application.css?body=1" for 127.0.0.1 at 2012-10-28 22:01:51 +0100
Served asset /application.css - 304 Not Modified (1ms)


Started GET "/assets/products.css?body=1" for 127.0.0.1 at 2012-10-28 22:01:51 +0100
Served asset /products.css - 304 Not Modified (0ms)


Started GET "/assets/say.css?body=1" for 127.0.0.1 at 2012-10-28 22:01:51 +0100
Served asset /say.css - 304 Not Modified (0ms)


Started GET "/assets/jquery.js?body=1" for 127.0.0.1 at 2012-10-28 22:01:51 +0100
Served asset /jquery.js - 304 Not Modified (7ms)


Started GET "/assets/scaffolds.css?body=1" for 127.0.0.1 at 2012-10-28 22:01:51 +0100
Served asset /scaffolds.css - 304 Not Modified (0ms)


Started GET "/assets/products.js?body=1" for 127.0.0.1 at 2012-10-28 22:01:51 +0100
Served asset /products.js - 304 Not Modified (0ms)


Started GET "/assets/jquery_ujs.js?body=1" for 127.0.0.1 at 2012-10-28 22:01:51 +0100
Served asset /jquery_ujs.js - 304 Not Modified (0ms)


Started GET "/assets/application.js?body=1" for 127.0.0.1 at 2012-10-28 22:01:51 +0100
Served asset /application.js - 304 Not Modified (2ms)


Started GET "/assets/say.js?body=1" for 127.0.0.1 at 2012-10-28 22:01:51 +0100
Served asset /say.js - 304 Not Modified (0ms)


Started GET "/products/2" for 127.0.0.1 at 2012-10-28 22:02:47 +0100
Processing by ProductsController#show as HTML
  Parameters: {"id"=>"2"}
  [1m[35mProduct Load (0.2ms)[0m  SELECT "products".* FROM "products" WHERE "products"."id" = ? LIMIT 1  [["id", "2"]]
  Rendered products/show.html.erb within layouts/application (3.1ms)
Completed 200 OK in 16ms (Views: 14.3ms | ActiveRecord: 0.2ms)


Started GET "/assets/application.css?body=1" for 127.0.0.1 at 2012-10-28 22:02:47 +0100
Served asset /application.css - 304 Not Modified (1ms)


Started GET "/assets/products.css?body=1" for 127.0.0.1 at 2012-10-28 22:02:47 +0100
Served asset /products.css - 304 Not Modified (0ms)


Started GET "/assets/products.js?body=1" for 127.0.0.1 at 2012-10-28 22:02:47 +0100
Served asset /products.js - 304 Not Modified (0ms)


Started GET "/assets/scaffolds.css?body=1" for 127.0.0.1 at 2012-10-28 22:02:47 +0100
Served asset /scaffolds.css - 304 Not Modified (0ms)


Started GET "/assets/say.css?body=1" for 127.0.0.1 at 2012-10-28 22:02:47 +0100
Served asset /say.css - 304 Not Modified (0ms)


Started GET "/assets/jquery.js?body=1" for 127.0.0.1 at 2012-10-28 22:02:47 +0100
Served asset /jquery.js - 304 Not Modified (1ms)


Started GET "/assets/jquery_ujs.js?body=1" for 127.0.0.1 at 2012-10-28 22:02:47 +0100
Served asset /jquery_ujs.js - 304 Not Modified (0ms)


Started GET "/assets/say.js?body=1" for 127.0.0.1 at 2012-10-28 22:02:47 +0100
Served asset /say.js - 304 Not Modified (0ms)


Started GET "/assets/application.js?body=1" for 127.0.0.1 at 2012-10-28 22:02:47 +0100
Served asset /application.js - 304 Not Modified (3ms)


Started GET "/products/2" for 127.0.0.1 at 2012-10-28 22:03:22 +0100
Processing by ProductsController#show as HTML
  Parameters: {"id"=>"2"}
  [1m[36mProduct Load (0.2ms)[0m  [1mSELECT "products".* FROM "products" WHERE "products"."id" = ? LIMIT 1[0m  [["id", "2"]]
  Rendered products/show.html.erb within layouts/application (2.6ms)
Completed 200 OK in 15ms (Views: 13.3ms | ActiveRecord: 0.2ms)


Started GET "/assets/application.css?body=1" for 127.0.0.1 at 2012-10-28 22:03:23 +0100
Served asset /application.css - 304 Not Modified (0ms)


Started GET "/assets/say.css?body=1" for 127.0.0.1 at 2012-10-28 22:03:23 +0100
Served asset /say.css - 304 Not Modified (7ms)


Started GET "/assets/jquery.js?body=1" for 127.0.0.1 at 2012-10-28 22:03:23 +0100
Served asset /jquery.js - 304 Not Modified (1ms)


Started GET "/assets/products.css?body=1" for 127.0.0.1 at 2012-10-28 22:03:23 +0100
Served asset /products.css - 304 Not Modified (0ms)


Started GET "/assets/jquery_ujs.js?body=1" for 127.0.0.1 at 2012-10-28 22:03:23 +0100
Served asset /jquery_ujs.js - 304 Not Modified (0ms)


Started GET "/assets/scaffolds.css?body=1" for 127.0.0.1 at 2012-10-28 22:03:23 +0100
Served asset /scaffolds.css - 304 Not Modified (0ms)


Started GET "/assets/products.js?body=1" for 127.0.0.1 at 2012-10-28 22:03:23 +0100
Served asset /products.js - 304 Not Modified (0ms)


Started GET "/assets/say.js?body=1" for 127.0.0.1 at 2012-10-28 22:03:23 +0100
Served asset /say.js - 304 Not Modified (0ms)


Started GET "/assets/application.js?body=1" for 127.0.0.1 at 2012-10-28 22:03:23 +0100
Served asset /application.js - 304 Not Modified (2ms)


Started GET "/assets/rails.png" for 127.0.0.1 at 2013-05-04 08:52:00 +0200
Connecting to database specified by database.yml
Served asset /rails.png - 200 OK (43ms)


Started GET "/products" for 127.0.0.1 at 2013-05-04 08:52:06 +0200
Processing by ProductsController#index as HTML
  [1m[36mProduct Load (0.3ms)[0m  [1mSELECT "products".* FROM "products" [0m
  Rendered products/index.html.erb within layouts/application (134.6ms)
Completed 200 OK in 880ms (Views: 758.7ms | ActiveRecord: 7.3ms)


Started GET "/assets/application.css?body=1" for 127.0.0.1 at 2013-05-04 08:52:07 +0200
Served asset /application.css - 200 OK (14ms)


Started GET "/assets/products.css?body=1" for 127.0.0.1 at 2013-05-04 08:52:07 +0200
Served asset /products.css - 200 OK (2ms)


Started GET "/assets/say.css?body=1" for 127.0.0.1 at 2013-05-04 08:52:07 +0200
Served asset /say.css - 200 OK (2ms)


Started GET "/assets/scaffolds.css?body=1" for 127.0.0.1 at 2013-05-04 08:52:07 +0200
Served asset /scaffolds.css - 200 OK (2ms)


Started GET "/assets/jquery.js?body=1" for 127.0.0.1 at 2013-05-04 08:52:07 +0200
Served asset /jquery.js - 200 OK (41ms)


Started GET "/assets/products.js?body=1" for 127.0.0.1 at 2013-05-04 08:52:08 +0200
Served asset /products.js - 200 OK (2ms)


Started GET "/assets/jquery_ujs.js?body=1" for 127.0.0.1 at 2013-05-04 08:52:08 +0200
Served asset /jquery_ujs.js - 200 OK (3ms)


Started GET "/assets/say.js?body=1" for 127.0.0.1 at 2013-05-04 08:52:08 +0200
Served asset /say.js - 200 OK (3ms)


Started GET "/assets/application.js?body=1" for 127.0.0.1 at 2013-05-04 08:52:08 +0200
Served asset /application.js - 200 OK (10ms)


Started GET "/assets/ruby.jpg" for 127.0.0.1 at 2013-05-04 08:52:08 +0200
Served asset /ruby.jpg - 200 OK (27ms)


Started GET "/assets/cs.jpg" for 127.0.0.1 at 2013-05-04 08:52:08 +0200
Served asset /cs.jpg - 200 OK (25ms)


Started GET "/products/3" for 127.0.0.1 at 2013-05-04 08:53:11 +0200
Processing by ProductsController#show as HTML
  Parameters: {"id"=>"3"}
  [1m[35mProduct Load (0.4ms)[0m  SELECT "products".* FROM "products" WHERE "products"."id" = ? LIMIT 1  [["id", "3"]]
  Rendered products/show.html.erb within layouts/application (2.8ms)
Completed 200 OK in 40ms (Views: 35.9ms | ActiveRecord: 0.4ms)


Started GET "/assets/application.css?body=1" for 127.0.0.1 at 2013-05-04 08:53:11 +0200
Served asset /application.css - 304 Not Modified (1ms)


Started GET "/assets/scaffolds.css?body=1" for 127.0.0.1 at 2013-05-04 08:53:11 +0200
Served asset /scaffolds.css - 304 Not Modified (0ms)


Started GET "/assets/jquery_ujs.js?body=1" for 127.0.0.1 at 2013-05-04 08:53:11 +0200
Served asset /jquery_ujs.js - 304 Not Modified (0ms)


Started GET "/assets/say.css?body=1" for 127.0.0.1 at 2013-05-04 08:53:11 +0200
Served asset /say.css - 304 Not Modified (0ms)


Started GET "/assets/products.css?body=1" for 127.0.0.1 at 2013-05-04 08:53:11 +0200
Served asset /products.css - 304 Not Modified (0ms)


Started GET "/assets/jquery.js?body=1" for 127.0.0.1 at 2013-05-04 08:53:11 +0200
Served asset /jquery.js - 304 Not Modified (1ms)


Started GET "/assets/products.js?body=1" for 127.0.0.1 at 2013-05-04 08:53:11 +0200
Served asset /products.js - 304 Not Modified (0ms)


Started GET "/assets/say.js?body=1" for 127.0.0.1 at 2013-05-04 08:53:11 +0200
Served asset /say.js - 304 Not Modified (0ms)


Started GET "/assets/application.js?body=1" for 127.0.0.1 at 2013-05-04 08:53:11 +0200
Served asset /application.js - 304 Not Modified (3ms)


Started GET "/products/3/edit" for 127.0.0.1 at 2013-05-04 08:53:20 +0200
Processing by ProductsController#edit as HTML
  Parameters: {"id"=>"3"}
  [1m[36mProduct Load (0.2ms)[0m  [1mSELECT "products".* FROM "products" WHERE "products"."id" = ? LIMIT 1[0m  [["id", "3"]]
  Rendered products/_form.html.erb (170.2ms)
  Rendered products/edit.html.erb within layouts/application (253.8ms)
Completed 200 OK in 287ms (Views: 284.8ms | ActiveRecord: 0.2ms)


Started GET "/assets/application.css?body=1" for 127.0.0.1 at 2013-05-04 08:53:20 +0200
Served asset /application.css - 304 Not Modified (1ms)


Started GET "/assets/products.css?body=1" for 127.0.0.1 at 2013-05-04 08:53:20 +0200
Served asset /products.css - 304 Not Modified (0ms)


Started GET "/assets/say.css?body=1" for 127.0.0.1 at 2013-05-04 08:53:20 +0200
Served asset /say.css - 304 Not Modified (0ms)


Started GET "/assets/jquery.js?body=1" for 127.0.0.1 at 2013-05-04 08:53:20 +0200
Served asset /jquery.js - 304 Not Modified (1ms)


Started GET "/assets/scaffolds.css?body=1" for 127.0.0.1 at 2013-05-04 08:53:20 +0200
Served asset /scaffolds.css - 304 Not Modified (0ms)


Started GET "/assets/products.js?body=1" for 127.0.0.1 at 2013-05-04 08:53:20 +0200
Served asset /products.js - 304 Not Modified (0ms)


Started GET "/assets/jquery_ujs.js?body=1" for 127.0.0.1 at 2013-05-04 08:53:20 +0200
Served asset /jquery_ujs.js - 304 Not Modified (0ms)


Started GET "/assets/say.js?body=1" for 127.0.0.1 at 2013-05-04 08:53:20 +0200
Served asset /say.js - 304 Not Modified (0ms)


Started GET "/assets/application.js?body=1" for 127.0.0.1 at 2013-05-04 08:53:20 +0200
Served asset /application.js - 304 Not Modified (2ms)


Started PUT "/products/3" for 127.0.0.1 at 2013-05-04 08:53:25 +0200
Processing by ProductsController#update as HTML
  Parameters: {"utf8"=>"✓", "authenticity_token"=>"3lByNLeL//SnF6/WvHvji7PvP5H5TWcSKZToz3FKhHw=", "product"=>{"title"=>"df", "description"=>"srzjhs", "image_url"=>"cs.jpg", "price"=>"1232"}, "commit"=>"Update Product", "id"=>"3"}
  [1m[35mProduct Load (0.2ms)[0m  SELECT "products".* FROM "products" WHERE "products"."id" = ? LIMIT 1  [["id", "3"]]
  [1m[36m (0.1ms)[0m  [1mbegin transaction[0m
  [1m[35mProduct Exists (0.3ms)[0m  SELECT 1 AS one FROM "products" WHERE ("products"."title" = 'df' AND "products"."id" != 3) LIMIT 1
  [1m[36m (0.4ms)[0m  [1mUPDATE "products" SET "price" = 1232.0, "updated_at" = '2013-05-04 06:53:25.434169' WHERE "products"."id" = 3[0m
  [1m[35m (150.9ms)[0m  commit transaction
Redirected to http://localhost:3000/products/3
Completed 302 Found in 296ms (ActiveRecord: 151.9ms)


Started GET "/products/3" for 127.0.0.1 at 2013-05-04 08:53:25 +0200
Processing by ProductsController#show as HTML
  Parameters: {"id"=>"3"}
  [1m[36mProduct Load (0.2ms)[0m  [1mSELECT "products".* FROM "products" WHERE "products"."id" = ? LIMIT 1[0m  [["id", "3"]]
  Rendered products/show.html.erb within layouts/application (1.4ms)
Completed 200 OK in 13ms (Views: 11.7ms | ActiveRecord: 0.2ms)


Started GET "/assets/application.css?body=1" for 127.0.0.1 at 2013-05-04 08:53:25 +0200
Served asset /application.css - 304 Not Modified (2ms)


Started GET "/assets/products.css?body=1" for 127.0.0.1 at 2013-05-04 08:53:25 +0200
Served asset /products.css - 304 Not Modified (4ms)


Started GET "/assets/say.css?body=1" for 127.0.0.1 at 2013-05-04 08:53:25 +0200
Served asset /say.css - 304 Not Modified (0ms)


Started GET "/assets/scaffolds.css?body=1" for 127.0.0.1 at 2013-05-04 08:53:25 +0200
Served asset /scaffolds.css - 304 Not Modified (0ms)


Started GET "/assets/jquery.js?body=1" for 127.0.0.1 at 2013-05-04 08:53:25 +0200
Served asset /jquery.js - 304 Not Modified (7ms)


Started GET "/assets/jquery_ujs.js?body=1" for 127.0.0.1 at 2013-05-04 08:53:25 +0200
Served asset /jquery_ujs.js - 304 Not Modified (0ms)


Started GET "/assets/products.js?body=1" for 127.0.0.1 at 2013-05-04 08:53:25 +0200
Served asset /products.js - 304 Not Modified (0ms)


Started GET "/assets/say.js?body=1" for 127.0.0.1 at 2013-05-04 08:53:25 +0200
Served asset /say.js - 304 Not Modified (0ms)


Started GET "/assets/application.js?body=1" for 127.0.0.1 at 2013-05-04 08:53:25 +0200
Served asset /application.js - 304 Not Modified (2ms)


Started GET "/products" for 127.0.0.1 at 2013-05-04 08:53:32 +0200
Processing by ProductsController#index as HTML
  [1m[35mProduct Load (0.3ms)[0m  SELECT "products".* FROM "products" 
  Rendered products/index.html.erb within layouts/application (3.1ms)
Completed 200 OK in 14ms (Views: 12.1ms | ActiveRecord: 0.3ms)


Started GET "/assets/application.css?body=1" for 127.0.0.1 at 2013-05-04 08:53:32 +0200
Served asset /application.css - 304 Not Modified (1ms)


Started GET "/assets/jquery_ujs.js?body=1" for 127.0.0.1 at 2013-05-04 08:53:32 +0200
Served asset /jquery_ujs.js - 304 Not Modified (0ms)


Started GET "/assets/jquery.js?body=1" for 127.0.0.1 at 2013-05-04 08:53:32 +0200
Served asset /jquery.js - 304 Not Modified (1ms)


Started GET "/assets/products.css?body=1" for 127.0.0.1 at 2013-05-04 08:53:32 +0200
Served asset /products.css - 304 Not Modified (0ms)


Started GET "/assets/scaffolds.css?body=1" for 127.0.0.1 at 2013-05-04 08:53:32 +0200
Served asset /scaffolds.css - 304 Not Modified (0ms)


Started GET "/assets/say.css?body=1" for 127.0.0.1 at 2013-05-04 08:53:32 +0200
Served asset /say.css - 304 Not Modified (0ms)


Started GET "/assets/products.js?body=1" for 127.0.0.1 at 2013-05-04 08:53:32 +0200
Served asset /products.js - 304 Not Modified (0ms)


Started GET "/assets/application.js?body=1" for 127.0.0.1 at 2013-05-04 08:53:32 +0200
Served asset /application.js - 304 Not Modified (4ms)


Started GET "/assets/say.js?body=1" for 127.0.0.1 at 2013-05-04 08:53:32 +0200
Served asset /say.js - 304 Not Modified (0ms)


Started GET "/products/new" for 127.0.0.1 at 2013-05-04 08:53:41 +0200
Processing by ProductsController#new as HTML
  Rendered products/_form.html.erb (11.7ms)
  Rendered products/new.html.erb within layouts/application (13.7ms)
Completed 200 OK in 33ms (Views: 32.2ms | ActiveRecord: 0.0ms)


Started GET "/assets/application.css?body=1" for 127.0.0.1 at 2013-05-04 08:53:41 +0200
Served asset /application.css - 304 Not Modified (0ms)


Started GET "/assets/products.css?body=1" for 127.0.0.1 at 2013-05-04 08:53:41 +0200
Served asset /products.css - 304 Not Modified (2ms)


Started GET "/assets/scaffolds.css?body=1" for 127.0.0.1 at 2013-05-04 08:53:41 +0200
Served asset /scaffolds.css - 304 Not Modified (0ms)


Started GET "/assets/jquery_ujs.js?body=1" for 127.0.0.1 at 2013-05-04 08:53:41 +0200
Served asset /jquery_ujs.js - 304 Not Modified (0ms)


Started GET "/assets/say.css?body=1" for 127.0.0.1 at 2013-05-04 08:53:41 +0200
Served asset /say.css - 304 Not Modified (0ms)


Started GET "/assets/products.js?body=1" for 127.0.0.1 at 2013-05-04 08:53:41 +0200
Served asset /products.js - 304 Not Modified (0ms)


Started GET "/assets/jquery.js?body=1" for 127.0.0.1 at 2013-05-04 08:53:41 +0200
Served asset /jquery.js - 304 Not Modified (1ms)


Started GET "/assets/say.js?body=1" for 127.0.0.1 at 2013-05-04 08:53:41 +0200
Served asset /say.js - 304 Not Modified (2ms)


Started GET "/assets/application.js?body=1" for 127.0.0.1 at 2013-05-04 08:53:41 +0200
Served asset /application.js - 304 Not Modified (1ms)


Started GET "/assets/rails.png" for 127.0.0.1 at 2013-05-04 16:20:17 +0200
Connecting to database specified by database.yml
Served asset /rails.png - 304 Not Modified (42ms)


Started GET "/products" for 127.0.0.1 at 2013-05-04 16:20:33 +0200
Processing by ProductsController#index as HTML
  [1m[36mProduct Load (0.3ms)[0m  [1mSELECT "products".* FROM "products" [0m
  Rendered products/index.html.erb within layouts/application (134.1ms)
Completed 200 OK in 848ms (Views: 723.0ms | ActiveRecord: 4.1ms)


Started GET "/assets/application.css?body=1" for 127.0.0.1 at 2013-05-04 16:20:34 +0200
Served asset /application.css - 304 Not Modified (12ms)


Started GET "/assets/products.css?body=1" for 127.0.0.1 at 2013-05-04 16:20:34 +0200
Served asset /products.css - 304 Not Modified (2ms)


Started GET "/assets/say.css?body=1" for 127.0.0.1 at 2013-05-04 16:20:34 +0200
Served asset /say.css - 304 Not Modified (2ms)


Started GET "/assets/scaffolds.css?body=1" for 127.0.0.1 at 2013-05-04 16:20:34 +0200
Served asset /scaffolds.css - 304 Not Modified (2ms)


Started GET "/assets/jquery.js?body=1" for 127.0.0.1 at 2013-05-04 16:20:34 +0200
Served asset /jquery.js - 304 Not Modified (28ms)


Started GET "/assets/jquery_ujs.js?body=1" for 127.0.0.1 at 2013-05-04 16:20:34 +0200
Served asset /jquery_ujs.js - 304 Not Modified (2ms)


Started GET "/assets/products.js?body=1" for 127.0.0.1 at 2013-05-04 16:20:34 +0200
Served asset /products.js - 304 Not Modified (1ms)


Started GET "/assets/application.js?body=1" for 127.0.0.1 at 2013-05-04 16:20:34 +0200
Served asset /application.js - 304 Not Modified (76ms)


Started GET "/assets/say.js?body=1" for 127.0.0.1 at 2013-05-04 16:20:34 +0200
Served asset /say.js - 304 Not Modified (2ms)


Started GET "/assets/rails.png" for 127.0.0.1 at 2013-05-04 17:03:16 +0200

ArgumentError (missing :controller):
  config/routes.rb:8:in `block in <top (required)>'
  config/routes.rb:1:in `<top (required)>'


  Rendered /var/lib/gems/1.9.1/gems/actionpack-3.2.8/lib/action_dispatch/middleware/templates/rescues/_trace.erb (3.8ms)
  Rendered /var/lib/gems/1.9.1/gems/actionpack-3.2.8/lib/action_dispatch/middleware/templates/rescues/_request_and_response.erb (2.0ms)
  Rendered /var/lib/gems/1.9.1/gems/actionpack-3.2.8/lib/action_dispatch/middleware/templates/rescues/diagnostics.erb within rescues/layout (16.9ms)


Started GET "/assets/rails.png" for 127.0.0.1 at 2013-05-04 17:03:20 +0200
Served asset /rails.png - 200 OK (0ms)


Started GET "/assets/rails.png" for 127.0.0.1 at 2013-05-04 17:04:18 +0200

ArgumentError (missing :controller):
  config/routes.rb:8:in `block in <top (required)>'
  config/routes.rb:1:in `<top (required)>'


  Rendered /var/lib/gems/1.9.1/gems/actionpack-3.2.8/lib/action_dispatch/middleware/templates/rescues/_trace.erb (2.0ms)
  Rendered /var/lib/gems/1.9.1/gems/actionpack-3.2.8/lib/action_dispatch/middleware/templates/rescues/_request_and_response.erb (1.7ms)
  Rendered /var/lib/gems/1.9.1/gems/actionpack-3.2.8/lib/action_dispatch/middleware/templates/rescues/diagnostics.erb within rescues/layout (12.6ms)


Started GET "/assets/rails.png" for 127.0.0.1 at 2013-05-04 17:04:19 +0200
Served asset /rails.png - 200 OK (0ms)


Started GET "/assets/rails.png" for 127.0.0.1 at 2013-05-04 17:04:19 +0200
Served asset /rails.png - 304 Not Modified (0ms)


Started GET "/assets/rails.png" for 127.0.0.1 at 2013-05-04 17:04:20 +0200
Served asset /rails.png - 304 Not Modified (0ms)


Started GET "/assets/rails.png" for 127.0.0.1 at 2013-05-04 17:04:20 +0200
Served asset /rails.png - 304 Not Modified (0ms)


Started GET "/assets/rails.png" for 127.0.0.1 at 2013-05-04 17:04:20 +0200
Served asset /rails.png - 304 Not Modified (0ms)


Started GET "/assets/rails.png" for 127.0.0.1 at 2013-05-04 17:04:20 +0200
Served asset /rails.png - 304 Not Modified (0ms)


Started GET "/assets/rails.png" for 127.0.0.1 at 2013-05-04 17:04:20 +0200
Served asset /rails.png - 304 Not Modified (0ms)
Connecting to database specified by database.yml
  [1m[36m (0.1ms)[0m  [1mSELECT "schema_migrations"."version" FROM "schema_migrations" [0m
  [1m[35m (0.4ms)[0m  select sqlite_version(*)
  [1m[36m (198.8ms)[0m  [1mCREATE TABLE "products" ("id" INTEGER PRIMARY KEY AUTOINCREMENT NOT NULL, "title" varchar(255), "description" text, "image_url" varchar(255), "price" decimal, "created_at" datetime NOT NULL, "updated_at" datetime NOT NULL) [0m
  [1m[35m (156.3ms)[0m  CREATE TABLE "schema_migrations" ("version" varchar(255) NOT NULL) 
  [1m[36m (0.1ms)[0m  [1mPRAGMA index_list("schema_migrations")[0m
  [1m[35m (169.0ms)[0m  CREATE UNIQUE INDEX "unique_schema_migrations" ON "schema_migrations" ("version")
  [1m[36m (0.1ms)[0m  [1mSELECT version FROM "schema_migrations"[0m
  [1m[35m (166.9ms)[0m  INSERT INTO "schema_migrations" (version) VALUES ('20121021085632')
Connecting to database specified by database.yml
  [1m[36m (0.1ms)[0m  [1mSELECT "schema_migrations"."version" FROM "schema_migrations" [0m
  [1m[35m (0.4ms)[0m  select sqlite_version(*)
  [1m[36m (191.6ms)[0m  [1mCREATE TABLE "products" ("id" INTEGER PRIMARY KEY AUTOINCREMENT NOT NULL, "title" varchar(255), "description" text, "image_url" varchar(255), "price" decimal, "created_at" datetime NOT NULL, "updated_at" datetime NOT NULL) [0m
  [1m[35m (189.5ms)[0m  CREATE TABLE "schema_migrations" ("version" varchar(255) NOT NULL) 
  [1m[36m (0.1ms)[0m  [1mPRAGMA index_list("schema_migrations")[0m
  [1m[35m (190.0ms)[0m  CREATE UNIQUE INDEX "unique_schema_migrations" ON "schema_migrations" ("version")
  [1m[36m (0.1ms)[0m  [1mSELECT version FROM "schema_migrations"[0m
  [1m[35m (179.6ms)[0m  INSERT INTO "schema_migrations" (version) VALUES ('20121021085632')
Connecting to database specified by database.yml
  [1m[36m (0.1ms)[0m  [1mSELECT "schema_migrations"."version" FROM "schema_migrations" [0m
  [1m[35m (0.3ms)[0m  select sqlite_version(*)
  [1m[36m (203.4ms)[0m  [1mCREATE TABLE "products" ("id" INTEGER PRIMARY KEY AUTOINCREMENT NOT NULL, "title" varchar(255), "description" text, "image_url" varchar(255), "price" decimal, "created_at" datetime NOT NULL, "updated_at" datetime NOT NULL) [0m
  [1m[35m (189.6ms)[0m  CREATE TABLE "schema_migrations" ("version" varchar(255) NOT NULL) 
  [1m[36m (0.1ms)[0m  [1mPRAGMA index_list("schema_migrations")[0m
  [1m[35m (189.9ms)[0m  CREATE UNIQUE INDEX "unique_schema_migrations" ON "schema_migrations" ("version")
  [1m[36m (0.1ms)[0m  [1mSELECT version FROM "schema_migrations"[0m
  [1m[35m (155.9ms)[0m  INSERT INTO "schema_migrations" (version) VALUES ('20121021085632')
